{"C:\\Users\\Supernova\\bootcamp\\collab\\skylab-bootcamp-201901\\staff\\daniel-toledo\\spotify-app-mren\\api\\src\\data\\album-comments\\index.spec.js":{"path":"C:\\Users\\Supernova\\bootcamp\\collab\\skylab-bootcamp-201901\\staff\\daniel-toledo\\spotify-app-mren\\api\\src\\data\\album-comments\\index.spec.js","statementMap":{"0":{"start":{"line":3,"column":15},"end":{"line":3,"column":32}},"1":{"start":{"line":4,"column":13},"end":{"line":4,"column":28}},"2":{"start":{"line":5,"column":12},"end":{"line":5,"column":34}},"3":{"start":{"line":6,"column":21},"end":{"line":6,"column":33}},"4":{"start":{"line":7,"column":13},"end":{"line":7,"column":28}},"5":{"start":{"line":9,"column":0},"end":{"line":399,"column":2}},"6":{"start":{"line":10,"column":4},"end":{"line":10,"column":48}},"7":{"start":{"line":11,"column":17},"end":{"line":11,"column":56}},"8":{"start":{"line":13,"column":4},"end":{"line":13,"column":61}},"9":{"start":{"line":13,"column":21},"end":{"line":13,"column":60}},"10":{"start":{"line":15,"column":4},"end":{"line":57,"column":6}},"11":{"start":{"line":16,"column":25},"end":{"line":38,"column":9}},"12":{"start":{"line":40,"column":8},"end":{"line":40,"column":71}},"13":{"start":{"line":40,"column":25},"end":{"line":40,"column":70}},"14":{"start":{"line":42,"column":8},"end":{"line":56,"column":9}},"15":{"start":{"line":43,"column":12},"end":{"line":55,"column":18}},"16":{"start":{"line":45,"column":20},"end":{"line":45,"column":51}},"17":{"start":{"line":46,"column":20},"end":{"line":46,"column":66}},"18":{"start":{"line":48,"column":20},"end":{"line":54,"column":22}},"19":{"start":{"line":49,"column":24},"end":{"line":49,"column":59}},"20":{"start":{"line":50,"column":24},"end":{"line":50,"column":67}},"21":{"start":{"line":51,"column":24},"end":{"line":51,"column":69}},"22":{"start":{"line":52,"column":24},"end":{"line":52,"column":63}},"23":{"start":{"line":53,"column":24},"end":{"line":53,"column":77}},"24":{"start":{"line":59,"column":4},"end":{"line":101,"column":6}},"25":{"start":{"line":60,"column":25},"end":{"line":82,"column":9}},"26":{"start":{"line":84,"column":8},"end":{"line":100,"column":9}},"27":{"start":{"line":85,"column":12},"end":{"line":99,"column":18}},"28":{"start":{"line":86,"column":28},"end":{"line":86,"column":46}},"29":{"start":{"line":87,"column":33},"end":{"line":87,"column":52}},"30":{"start":{"line":89,"column":20},"end":{"line":89,"column":51}},"31":{"start":{"line":90,"column":20},"end":{"line":90,"column":66}},"32":{"start":{"line":92,"column":20},"end":{"line":98,"column":22}},"33":{"start":{"line":93,"column":24},"end":{"line":93,"column":59}},"34":{"start":{"line":94,"column":24},"end":{"line":94,"column":67}},"35":{"start":{"line":95,"column":24},"end":{"line":95,"column":69}},"36":{"start":{"line":96,"column":24},"end":{"line":96,"column":63}},"37":{"start":{"line":97,"column":24},"end":{"line":97,"column":77}},"38":{"start":{"line":103,"column":4},"end":{"line":140,"column":6}},"39":{"start":{"line":104,"column":24},"end":{"line":109,"column":9}},"40":{"start":{"line":111,"column":8},"end":{"line":131,"column":9}},"41":{"start":{"line":112,"column":12},"end":{"line":130,"column":18}},"42":{"start":{"line":114,"column":20},"end":{"line":114,"column":52}},"43":{"start":{"line":116,"column":20},"end":{"line":116,"column":45}},"44":{"start":{"line":118,"column":33},"end":{"line":118,"column":52}},"45":{"start":{"line":120,"column":20},"end":{"line":120,"column":50}},"46":{"start":{"line":121,"column":20},"end":{"line":121,"column":51}},"47":{"start":{"line":123,"column":66},"end":{"line":123,"column":74}},"48":{"start":{"line":125,"column":20},"end":{"line":125,"column":47}},"49":{"start":{"line":126,"column":20},"end":{"line":126,"column":55}},"50":{"start":{"line":127,"column":20},"end":{"line":127,"column":57}},"51":{"start":{"line":128,"column":20},"end":{"line":128,"column":51}},"52":{"start":{"line":129,"column":20},"end":{"line":129,"column":65}},"53":{"start":{"line":133,"column":8},"end":{"line":135,"column":9}},"54":{"start":{"line":134,"column":12},"end":{"line":134,"column":88}},"55":{"start":{"line":134,"column":25},"end":{"line":134,"column":43}},"56":{"start":{"line":137,"column":8},"end":{"line":139,"column":9}},"57":{"start":{"line":138,"column":12},"end":{"line":138,"column":88}},"58":{"start":{"line":138,"column":25},"end":{"line":138,"column":44}},"59":{"start":{"line":142,"column":4},"end":{"line":174,"column":6}},"60":{"start":{"line":143,"column":24},"end":{"line":149,"column":9}},"61":{"start":{"line":151,"column":8},"end":{"line":154,"column":9}},"62":{"start":{"line":153,"column":12},"end":{"line":153,"column":58}},"63":{"start":{"line":156,"column":8},"end":{"line":165,"column":9}},"64":{"start":{"line":157,"column":12},"end":{"line":164,"column":18}},"65":{"start":{"line":159,"column":20},"end":{"line":159,"column":47}},"66":{"start":{"line":160,"column":20},"end":{"line":160,"column":57}},"67":{"start":{"line":161,"column":20},"end":{"line":161,"column":55}},"68":{"start":{"line":162,"column":20},"end":{"line":162,"column":51}},"69":{"start":{"line":163,"column":20},"end":{"line":163,"column":73}},"70":{"start":{"line":167,"column":8},"end":{"line":169,"column":9}},"71":{"start":{"line":168,"column":12},"end":{"line":168,"column":93}},"72":{"start":{"line":168,"column":25},"end":{"line":168,"column":48}},"73":{"start":{"line":171,"column":8},"end":{"line":173,"column":9}},"74":{"start":{"line":172,"column":12},"end":{"line":172,"column":93}},"75":{"start":{"line":172,"column":25},"end":{"line":172,"column":49}},"76":{"start":{"line":176,"column":4},"end":{"line":213,"column":6}},"77":{"start":{"line":177,"column":24},"end":{"line":183,"column":9}},"78":{"start":{"line":185,"column":8},"end":{"line":188,"column":9}},"79":{"start":{"line":187,"column":12},"end":{"line":187,"column":58}},"80":{"start":{"line":190,"column":8},"end":{"line":204,"column":10}},"81":{"start":{"line":191,"column":12},"end":{"line":191,"column":34}},"82":{"start":{"line":193,"column":12},"end":{"line":203,"column":18}},"83":{"start":{"line":194,"column":28},"end":{"line":194,"column":46}},"84":{"start":{"line":195,"column":33},"end":{"line":195,"column":52}},"85":{"start":{"line":196,"column":34},"end":{"line":196,"column":87}},"86":{"start":{"line":196,"column":60},"end":{"line":196,"column":86}},"87":{"start":{"line":198,"column":20},"end":{"line":198,"column":47}},"88":{"start":{"line":199,"column":20},"end":{"line":199,"column":57}},"89":{"start":{"line":200,"column":20},"end":{"line":200,"column":55}},"90":{"start":{"line":201,"column":20},"end":{"line":201,"column":51}},"91":{"start":{"line":202,"column":20},"end":{"line":202,"column":65}},"92":{"start":{"line":206,"column":8},"end":{"line":208,"column":9}},"93":{"start":{"line":207,"column":12},"end":{"line":207,"column":91}},"94":{"start":{"line":207,"column":25},"end":{"line":207,"column":46}},"95":{"start":{"line":210,"column":8},"end":{"line":212,"column":9}},"96":{"start":{"line":211,"column":12},"end":{"line":211,"column":91}},"97":{"start":{"line":211,"column":25},"end":{"line":211,"column":47}},"98":{"start":{"line":215,"column":4},"end":{"line":244,"column":6}},"99":{"start":{"line":216,"column":24},"end":{"line":222,"column":9}},"100":{"start":{"line":224,"column":8},"end":{"line":227,"column":9}},"101":{"start":{"line":226,"column":12},"end":{"line":226,"column":58}},"102":{"start":{"line":229,"column":8},"end":{"line":235,"column":9}},"103":{"start":{"line":230,"column":12},"end":{"line":234,"column":65}},"104":{"start":{"line":231,"column":28},"end":{"line":231,"column":46}},"105":{"start":{"line":232,"column":33},"end":{"line":232,"column":52}},"106":{"start":{"line":233,"column":34},"end":{"line":233,"column":87}},"107":{"start":{"line":233,"column":60},"end":{"line":233,"column":86}},"108":{"start":{"line":234,"column":33},"end":{"line":234,"column":64}},"109":{"start":{"line":237,"column":8},"end":{"line":239,"column":9}},"110":{"start":{"line":238,"column":12},"end":{"line":238,"column":86}},"111":{"start":{"line":238,"column":25},"end":{"line":238,"column":46}},"112":{"start":{"line":241,"column":8},"end":{"line":243,"column":9}},"113":{"start":{"line":242,"column":12},"end":{"line":242,"column":91}},"114":{"start":{"line":242,"column":25},"end":{"line":242,"column":47}},"115":{"start":{"line":246,"column":4},"end":{"line":270,"column":6}},"116":{"start":{"line":247,"column":24},"end":{"line":253,"column":9}},"117":{"start":{"line":255,"column":8},"end":{"line":258,"column":9}},"118":{"start":{"line":257,"column":12},"end":{"line":257,"column":58}},"119":{"start":{"line":259,"column":8},"end":{"line":269,"column":9}},"120":{"start":{"line":260,"column":12},"end":{"line":267,"column":18}},"121":{"start":{"line":261,"column":28},"end":{"line":261,"column":46}},"122":{"start":{"line":262,"column":33},"end":{"line":262,"column":52}},"123":{"start":{"line":264,"column":20},"end":{"line":264,"column":49}},"124":{"start":{"line":265,"column":20},"end":{"line":265,"column":50}},"125":{"start":{"line":266,"column":20},"end":{"line":266,"column":59}},"126":{"start":{"line":272,"column":4},"end":{"line":396,"column":6}},"127":{"start":{"line":273,"column":24},"end":{"line":279,"column":9}},"128":{"start":{"line":281,"column":25},"end":{"line":287,"column":9}},"129":{"start":{"line":289,"column":25},"end":{"line":295,"column":9}},"130":{"start":{"line":297,"column":25},"end":{"line":303,"column":9}},"131":{"start":{"line":305,"column":25},"end":{"line":311,"column":9}},"132":{"start":{"line":313,"column":8},"end":{"line":320,"column":9}},"133":{"start":{"line":319,"column":12},"end":{"line":319,"column":98}},"134":{"start":{"line":322,"column":8},"end":{"line":336,"column":9}},"135":{"start":{"line":323,"column":12},"end":{"line":335,"column":18}},"136":{"start":{"line":325,"column":20},"end":{"line":325,"column":50}},"137":{"start":{"line":326,"column":20},"end":{"line":326,"column":51}},"138":{"start":{"line":328,"column":66},"end":{"line":328,"column":74}},"139":{"start":{"line":330,"column":20},"end":{"line":330,"column":48}},"140":{"start":{"line":331,"column":20},"end":{"line":331,"column":58}},"141":{"start":{"line":332,"column":20},"end":{"line":332,"column":56}},"142":{"start":{"line":333,"column":20},"end":{"line":333,"column":52}},"143":{"start":{"line":334,"column":20},"end":{"line":334,"column":55}},"144":{"start":{"line":338,"column":8},"end":{"line":364,"column":9}},"145":{"start":{"line":339,"column":12},"end":{"line":363,"column":18}},"146":{"start":{"line":341,"column":20},"end":{"line":341,"column":50}},"147":{"start":{"line":342,"column":20},"end":{"line":342,"column":51}},"148":{"start":{"line":344,"column":61},"end":{"line":344,"column":69}},"149":{"start":{"line":346,"column":20},"end":{"line":346,"column":57}},"150":{"start":{"line":347,"column":20},"end":{"line":347,"column":67}},"151":{"start":{"line":348,"column":20},"end":{"line":348,"column":65}},"152":{"start":{"line":349,"column":20},"end":{"line":349,"column":61}},"153":{"start":{"line":350,"column":20},"end":{"line":350,"column":64}},"154":{"start":{"line":352,"column":20},"end":{"line":352,"column":58}},"155":{"start":{"line":353,"column":20},"end":{"line":353,"column":68}},"156":{"start":{"line":354,"column":20},"end":{"line":354,"column":66}},"157":{"start":{"line":355,"column":20},"end":{"line":355,"column":62}},"158":{"start":{"line":356,"column":20},"end":{"line":356,"column":65}},"159":{"start":{"line":358,"column":20},"end":{"line":358,"column":58}},"160":{"start":{"line":359,"column":20},"end":{"line":359,"column":68}},"161":{"start":{"line":360,"column":20},"end":{"line":360,"column":66}},"162":{"start":{"line":361,"column":20},"end":{"line":361,"column":62}},"163":{"start":{"line":362,"column":20},"end":{"line":362,"column":65}},"164":{"start":{"line":366,"column":8},"end":{"line":386,"column":9}},"165":{"start":{"line":367,"column":12},"end":{"line":385,"column":18}},"166":{"start":{"line":369,"column":20},"end":{"line":369,"column":50}},"167":{"start":{"line":370,"column":20},"end":{"line":370,"column":51}},"168":{"start":{"line":372,"column":50},"end":{"line":372,"column":58}},"169":{"start":{"line":374,"column":20},"end":{"line":374,"column":57}},"170":{"start":{"line":375,"column":20},"end":{"line":375,"column":67}},"171":{"start":{"line":376,"column":20},"end":{"line":376,"column":65}},"172":{"start":{"line":377,"column":20},"end":{"line":377,"column":61}},"173":{"start":{"line":378,"column":20},"end":{"line":378,"column":64}},"174":{"start":{"line":380,"column":20},"end":{"line":380,"column":58}},"175":{"start":{"line":381,"column":20},"end":{"line":381,"column":68}},"176":{"start":{"line":382,"column":20},"end":{"line":382,"column":66}},"177":{"start":{"line":383,"column":20},"end":{"line":383,"column":62}},"178":{"start":{"line":384,"column":20},"end":{"line":384,"column":65}},"179":{"start":{"line":389,"column":8},"end":{"line":391,"column":9}},"180":{"start":{"line":390,"column":12},"end":{"line":390,"column":89}},"181":{"start":{"line":390,"column":25},"end":{"line":390,"column":43}},"182":{"start":{"line":393,"column":8},"end":{"line":395,"column":9}},"183":{"start":{"line":394,"column":12},"end":{"line":394,"column":88}},"184":{"start":{"line":394,"column":25},"end":{"line":394,"column":44}},"185":{"start":{"line":398,"column":4},"end":{"line":398,"column":56}},"186":{"start":{"line":398,"column":16},"end":{"line":398,"column":55}}},"fnMap":{"0":{"name":"(anonymous_0)","decl":{"start":{"line":9,"column":32},"end":{"line":9,"column":33}},"loc":{"start":{"line":9,"column":38},"end":{"line":399,"column":1}},"line":9},"1":{"name":"(anonymous_1)","decl":{"start":{"line":13,"column":15},"end":{"line":13,"column":16}},"loc":{"start":{"line":13,"column":21},"end":{"line":13,"column":60}},"line":13},"2":{"name":"(anonymous_2)","decl":{"start":{"line":15,"column":25},"end":{"line":15,"column":26}},"loc":{"start":{"line":15,"column":31},"end":{"line":57,"column":5}},"line":15},"3":{"name":"(anonymous_3)","decl":{"start":{"line":40,"column":19},"end":{"line":40,"column":20}},"loc":{"start":{"line":40,"column":25},"end":{"line":40,"column":70}},"line":40},"4":{"name":"(anonymous_4)","decl":{"start":{"line":42,"column":50},"end":{"line":42,"column":51}},"loc":{"start":{"line":43,"column":12},"end":{"line":55,"column":18}},"line":43},"5":{"name":"(anonymous_5)","decl":{"start":{"line":44,"column":22},"end":{"line":44,"column":23}},"loc":{"start":{"line":44,"column":35},"end":{"line":55,"column":17}},"line":44},"6":{"name":"(anonymous_6)","decl":{"start":{"line":48,"column":38},"end":{"line":48,"column":39}},"loc":{"start":{"line":48,"column":86},"end":{"line":54,"column":21}},"line":48},"7":{"name":"(anonymous_7)","decl":{"start":{"line":59,"column":25},"end":{"line":59,"column":26}},"loc":{"start":{"line":59,"column":31},"end":{"line":101,"column":5}},"line":59},"8":{"name":"(anonymous_8)","decl":{"start":{"line":84,"column":50},"end":{"line":84,"column":51}},"loc":{"start":{"line":85,"column":12},"end":{"line":99,"column":18}},"line":85},"9":{"name":"(anonymous_9)","decl":{"start":{"line":86,"column":22},"end":{"line":86,"column":23}},"loc":{"start":{"line":86,"column":28},"end":{"line":86,"column":46}},"line":86},"10":{"name":"(anonymous_10)","decl":{"start":{"line":87,"column":22},"end":{"line":87,"column":23}},"loc":{"start":{"line":87,"column":33},"end":{"line":87,"column":52}},"line":87},"11":{"name":"(anonymous_11)","decl":{"start":{"line":88,"column":22},"end":{"line":88,"column":23}},"loc":{"start":{"line":88,"column":35},"end":{"line":99,"column":17}},"line":88},"12":{"name":"(anonymous_12)","decl":{"start":{"line":92,"column":38},"end":{"line":92,"column":39}},"loc":{"start":{"line":92,"column":86},"end":{"line":98,"column":21}},"line":92},"13":{"name":"(anonymous_13)","decl":{"start":{"line":103,"column":20},"end":{"line":103,"column":21}},"loc":{"start":{"line":103,"column":26},"end":{"line":140,"column":5}},"line":103},"14":{"name":"(anonymous_14)","decl":{"start":{"line":111,"column":45},"end":{"line":111,"column":46}},"loc":{"start":{"line":112,"column":12},"end":{"line":130,"column":18}},"line":112},"15":{"name":"(anonymous_15)","decl":{"start":{"line":113,"column":22},"end":{"line":113,"column":23}},"loc":{"start":{"line":113,"column":28},"end":{"line":117,"column":17}},"line":113},"16":{"name":"(anonymous_16)","decl":{"start":{"line":118,"column":22},"end":{"line":118,"column":23}},"loc":{"start":{"line":118,"column":33},"end":{"line":118,"column":52}},"line":118},"17":{"name":"(anonymous_17)","decl":{"start":{"line":119,"column":22},"end":{"line":119,"column":23}},"loc":{"start":{"line":119,"column":34},"end":{"line":130,"column":17}},"line":119},"18":{"name":"(anonymous_18)","decl":{"start":{"line":133,"column":47},"end":{"line":133,"column":48}},"loc":{"start":{"line":134,"column":12},"end":{"line":134,"column":88}},"line":134},"19":{"name":"(anonymous_19)","decl":{"start":{"line":134,"column":19},"end":{"line":134,"column":20}},"loc":{"start":{"line":134,"column":25},"end":{"line":134,"column":43}},"line":134},"20":{"name":"(anonymous_20)","decl":{"start":{"line":137,"column":59},"end":{"line":137,"column":60}},"loc":{"start":{"line":138,"column":12},"end":{"line":138,"column":88}},"line":138},"21":{"name":"(anonymous_21)","decl":{"start":{"line":138,"column":19},"end":{"line":138,"column":20}},"loc":{"start":{"line":138,"column":25},"end":{"line":138,"column":44}},"line":138},"22":{"name":"(anonymous_22)","decl":{"start":{"line":142,"column":25},"end":{"line":142,"column":26}},"loc":{"start":{"line":142,"column":31},"end":{"line":174,"column":5}},"line":142},"23":{"name":"(anonymous_23)","decl":{"start":{"line":151,"column":19},"end":{"line":151,"column":20}},"loc":{"start":{"line":153,"column":12},"end":{"line":153,"column":58}},"line":153},"24":{"name":"(anonymous_24)","decl":{"start":{"line":156,"column":51},"end":{"line":156,"column":52}},"loc":{"start":{"line":157,"column":12},"end":{"line":164,"column":18}},"line":157},"25":{"name":"(anonymous_25)","decl":{"start":{"line":158,"column":22},"end":{"line":158,"column":23}},"loc":{"start":{"line":158,"column":63},"end":{"line":164,"column":17}},"line":158},"26":{"name":"(anonymous_26)","decl":{"start":{"line":167,"column":42},"end":{"line":167,"column":43}},"loc":{"start":{"line":168,"column":12},"end":{"line":168,"column":93}},"line":168},"27":{"name":"(anonymous_27)","decl":{"start":{"line":168,"column":19},"end":{"line":168,"column":20}},"loc":{"start":{"line":168,"column":25},"end":{"line":168,"column":48}},"line":168},"28":{"name":"(anonymous_28)","decl":{"start":{"line":171,"column":54},"end":{"line":171,"column":55}},"loc":{"start":{"line":172,"column":12},"end":{"line":172,"column":93}},"line":172},"29":{"name":"(anonymous_29)","decl":{"start":{"line":172,"column":19},"end":{"line":172,"column":20}},"loc":{"start":{"line":172,"column":25},"end":{"line":172,"column":49}},"line":172},"30":{"name":"(anonymous_30)","decl":{"start":{"line":176,"column":23},"end":{"line":176,"column":24}},"loc":{"start":{"line":176,"column":29},"end":{"line":213,"column":5}},"line":176},"31":{"name":"(anonymous_31)","decl":{"start":{"line":185,"column":19},"end":{"line":185,"column":20}},"loc":{"start":{"line":187,"column":12},"end":{"line":187,"column":58}},"line":187},"32":{"name":"(anonymous_32)","decl":{"start":{"line":190,"column":45},"end":{"line":190,"column":46}},"loc":{"start":{"line":190,"column":51},"end":{"line":204,"column":9}},"line":190},"33":{"name":"(anonymous_33)","decl":{"start":{"line":194,"column":22},"end":{"line":194,"column":23}},"loc":{"start":{"line":194,"column":28},"end":{"line":194,"column":46}},"line":194},"34":{"name":"(anonymous_34)","decl":{"start":{"line":195,"column":22},"end":{"line":195,"column":23}},"loc":{"start":{"line":195,"column":33},"end":{"line":195,"column":52}},"line":195},"35":{"name":"(anonymous_35)","decl":{"start":{"line":196,"column":22},"end":{"line":196,"column":23}},"loc":{"start":{"line":196,"column":34},"end":{"line":196,"column":87}},"line":196},"36":{"name":"(anonymous_36)","decl":{"start":{"line":196,"column":48},"end":{"line":196,"column":49}},"loc":{"start":{"line":196,"column":60},"end":{"line":196,"column":86}},"line":196},"37":{"name":"(anonymous_37)","decl":{"start":{"line":197,"column":22},"end":{"line":197,"column":23}},"loc":{"start":{"line":197,"column":63},"end":{"line":203,"column":17}},"line":197},"38":{"name":"(anonymous_38)","decl":{"start":{"line":206,"column":47},"end":{"line":206,"column":48}},"loc":{"start":{"line":207,"column":12},"end":{"line":207,"column":91}},"line":207},"39":{"name":"(anonymous_39)","decl":{"start":{"line":207,"column":19},"end":{"line":207,"column":20}},"loc":{"start":{"line":207,"column":25},"end":{"line":207,"column":46}},"line":207},"40":{"name":"(anonymous_40)","decl":{"start":{"line":210,"column":59},"end":{"line":210,"column":60}},"loc":{"start":{"line":211,"column":12},"end":{"line":211,"column":91}},"line":211},"41":{"name":"(anonymous_41)","decl":{"start":{"line":211,"column":19},"end":{"line":211,"column":20}},"loc":{"start":{"line":211,"column":25},"end":{"line":211,"column":47}},"line":211},"42":{"name":"(anonymous_42)","decl":{"start":{"line":215,"column":23},"end":{"line":215,"column":24}},"loc":{"start":{"line":215,"column":29},"end":{"line":244,"column":5}},"line":215},"43":{"name":"(anonymous_43)","decl":{"start":{"line":224,"column":19},"end":{"line":224,"column":20}},"loc":{"start":{"line":226,"column":12},"end":{"line":226,"column":58}},"line":226},"44":{"name":"(anonymous_44)","decl":{"start":{"line":229,"column":51},"end":{"line":229,"column":52}},"loc":{"start":{"line":230,"column":12},"end":{"line":234,"column":65}},"line":230},"45":{"name":"(anonymous_45)","decl":{"start":{"line":231,"column":22},"end":{"line":231,"column":23}},"loc":{"start":{"line":231,"column":28},"end":{"line":231,"column":46}},"line":231},"46":{"name":"(anonymous_46)","decl":{"start":{"line":232,"column":22},"end":{"line":232,"column":23}},"loc":{"start":{"line":232,"column":33},"end":{"line":232,"column":52}},"line":232},"47":{"name":"(anonymous_47)","decl":{"start":{"line":233,"column":22},"end":{"line":233,"column":23}},"loc":{"start":{"line":233,"column":34},"end":{"line":233,"column":87}},"line":233},"48":{"name":"(anonymous_48)","decl":{"start":{"line":233,"column":48},"end":{"line":233,"column":49}},"loc":{"start":{"line":233,"column":60},"end":{"line":233,"column":86}},"line":233},"49":{"name":"(anonymous_49)","decl":{"start":{"line":234,"column":22},"end":{"line":234,"column":23}},"loc":{"start":{"line":234,"column":33},"end":{"line":234,"column":64}},"line":234},"50":{"name":"(anonymous_50)","decl":{"start":{"line":237,"column":42},"end":{"line":237,"column":43}},"loc":{"start":{"line":238,"column":12},"end":{"line":238,"column":86}},"line":238},"51":{"name":"(anonymous_51)","decl":{"start":{"line":238,"column":19},"end":{"line":238,"column":20}},"loc":{"start":{"line":238,"column":25},"end":{"line":238,"column":46}},"line":238},"52":{"name":"(anonymous_52)","decl":{"start":{"line":241,"column":54},"end":{"line":241,"column":55}},"loc":{"start":{"line":242,"column":12},"end":{"line":242,"column":91}},"line":242},"53":{"name":"(anonymous_53)","decl":{"start":{"line":242,"column":19},"end":{"line":242,"column":20}},"loc":{"start":{"line":242,"column":25},"end":{"line":242,"column":47}},"line":242},"54":{"name":"(anonymous_54)","decl":{"start":{"line":246,"column":26},"end":{"line":246,"column":27}},"loc":{"start":{"line":246,"column":32},"end":{"line":270,"column":5}},"line":246},"55":{"name":"(anonymous_55)","decl":{"start":{"line":255,"column":19},"end":{"line":255,"column":20}},"loc":{"start":{"line":257,"column":12},"end":{"line":257,"column":58}},"line":257},"56":{"name":"(anonymous_56)","decl":{"start":{"line":259,"column":37},"end":{"line":259,"column":38}},"loc":{"start":{"line":260,"column":12},"end":{"line":267,"column":18}},"line":260},"57":{"name":"(anonymous_57)","decl":{"start":{"line":261,"column":22},"end":{"line":261,"column":23}},"loc":{"start":{"line":261,"column":28},"end":{"line":261,"column":46}},"line":261},"58":{"name":"(anonymous_58)","decl":{"start":{"line":262,"column":22},"end":{"line":262,"column":23}},"loc":{"start":{"line":262,"column":33},"end":{"line":262,"column":52}},"line":262},"59":{"name":"(anonymous_59)","decl":{"start":{"line":263,"column":22},"end":{"line":263,"column":23}},"loc":{"start":{"line":263,"column":33},"end":{"line":267,"column":17}},"line":263},"60":{"name":"(anonymous_60)","decl":{"start":{"line":272,"column":21},"end":{"line":272,"column":22}},"loc":{"start":{"line":272,"column":27},"end":{"line":396,"column":5}},"line":272},"61":{"name":"(anonymous_61)","decl":{"start":{"line":313,"column":19},"end":{"line":313,"column":20}},"loc":{"start":{"line":319,"column":12},"end":{"line":319,"column":98}},"line":319},"62":{"name":"(anonymous_62)","decl":{"start":{"line":322,"column":55},"end":{"line":322,"column":56}},"loc":{"start":{"line":323,"column":12},"end":{"line":335,"column":18}},"line":323},"63":{"name":"(anonymous_63)","decl":{"start":{"line":324,"column":22},"end":{"line":324,"column":23}},"loc":{"start":{"line":324,"column":34},"end":{"line":335,"column":17}},"line":324},"64":{"name":"(anonymous_64)","decl":{"start":{"line":338,"column":61},"end":{"line":338,"column":62}},"loc":{"start":{"line":339,"column":12},"end":{"line":363,"column":18}},"line":339},"65":{"name":"(anonymous_65)","decl":{"start":{"line":340,"column":22},"end":{"line":340,"column":23}},"loc":{"start":{"line":340,"column":34},"end":{"line":363,"column":17}},"line":340},"66":{"name":"(anonymous_66)","decl":{"start":{"line":366,"column":73},"end":{"line":366,"column":74}},"loc":{"start":{"line":367,"column":12},"end":{"line":385,"column":18}},"line":367},"67":{"name":"(anonymous_67)","decl":{"start":{"line":368,"column":22},"end":{"line":368,"column":23}},"loc":{"start":{"line":368,"column":34},"end":{"line":385,"column":17}},"line":368},"68":{"name":"(anonymous_68)","decl":{"start":{"line":389,"column":48},"end":{"line":389,"column":49}},"loc":{"start":{"line":390,"column":12},"end":{"line":390,"column":89}},"line":390},"69":{"name":"(anonymous_69)","decl":{"start":{"line":390,"column":19},"end":{"line":390,"column":20}},"loc":{"start":{"line":390,"column":25},"end":{"line":390,"column":43}},"line":390},"70":{"name":"(anonymous_70)","decl":{"start":{"line":393,"column":60},"end":{"line":393,"column":61}},"loc":{"start":{"line":394,"column":12},"end":{"line":394,"column":88}},"line":394},"71":{"name":"(anonymous_71)","decl":{"start":{"line":394,"column":19},"end":{"line":394,"column":20}},"loc":{"start":{"line":394,"column":25},"end":{"line":394,"column":44}},"line":394},"72":{"name":"(anonymous_72)","decl":{"start":{"line":398,"column":10},"end":{"line":398,"column":11}},"loc":{"start":{"line":398,"column":16},"end":{"line":398,"column":55}},"line":398}},"branchMap":{},"s":{"0":1,"1":1,"2":1,"3":1,"4":1,"5":1,"6":1,"7":1,"8":1,"9":20,"10":1,"11":1,"12":1,"13":1,"14":1,"15":1,"16":1,"17":1,"18":1,"19":3,"20":3,"21":3,"22":3,"23":3,"24":1,"25":1,"26":1,"27":1,"28":1,"29":1,"30":1,"31":1,"32":1,"33":3,"34":3,"35":3,"36":3,"37":3,"38":1,"39":1,"40":1,"41":1,"42":1,"43":1,"44":1,"45":1,"46":1,"47":1,"48":1,"49":1,"50":1,"51":1,"52":1,"53":1,"54":1,"55":1,"56":1,"57":1,"58":1,"59":1,"60":1,"61":1,"62":3,"63":1,"64":1,"65":1,"66":1,"67":1,"68":1,"69":1,"70":1,"71":1,"72":1,"73":1,"74":1,"75":1,"76":1,"77":1,"78":1,"79":3,"80":1,"81":1,"82":1,"83":1,"84":1,"85":1,"86":1,"87":1,"88":1,"89":1,"90":1,"91":1,"92":1,"93":1,"94":1,"95":1,"96":1,"97":1,"98":1,"99":1,"100":1,"101":3,"102":1,"103":1,"104":1,"105":1,"106":1,"107":0,"108":1,"109":1,"110":1,"111":1,"112":1,"113":1,"114":1,"115":1,"116":1,"117":1,"118":1,"119":1,"120":1,"121":1,"122":1,"123":1,"124":1,"125":1,"126":1,"127":1,"128":1,"129":1,"130":1,"131":1,"132":1,"133":5,"134":1,"135":1,"136":1,"137":1,"138":1,"139":1,"140":1,"141":1,"142":1,"143":1,"144":1,"145":1,"146":1,"147":1,"148":1,"149":1,"150":1,"151":1,"152":1,"153":1,"154":1,"155":1,"156":1,"157":1,"158":1,"159":1,"160":1,"161":1,"162":1,"163":1,"164":1,"165":1,"166":1,"167":1,"168":1,"169":1,"170":1,"171":1,"172":1,"173":1,"174":1,"175":1,"176":1,"177":1,"178":1,"179":1,"180":1,"181":1,"182":1,"183":1,"184":1,"185":1,"186":1},"f":{"0":1,"1":20,"2":1,"3":1,"4":1,"5":1,"6":3,"7":1,"8":1,"9":1,"10":1,"11":1,"12":3,"13":1,"14":1,"15":1,"16":1,"17":1,"18":1,"19":1,"20":1,"21":1,"22":1,"23":3,"24":1,"25":1,"26":1,"27":1,"28":1,"29":1,"30":1,"31":3,"32":1,"33":1,"34":1,"35":1,"36":1,"37":1,"38":1,"39":1,"40":1,"41":1,"42":1,"43":3,"44":1,"45":1,"46":1,"47":1,"48":0,"49":1,"50":1,"51":1,"52":1,"53":1,"54":1,"55":1,"56":1,"57":1,"58":1,"59":1,"60":1,"61":5,"62":1,"63":1,"64":1,"65":1,"66":1,"67":1,"68":1,"69":1,"70":1,"71":1,"72":1},"b":{},"_coverageSchema":"43e27e138ebf9cfc5966b082cf9a028302ed4184","hash":"745a1f07a5e02c2711d12b1c86e11dbe156f47ca","contentHash":"d371ba0e4ef3ed928cf9fe8d4ba7f7f305ed63a49071a27d43dbba6dfe667c44"},"C:\\Users\\Supernova\\bootcamp\\collab\\skylab-bootcamp-201901\\staff\\daniel-toledo\\spotify-app-mren\\api\\src\\data\\album-comments\\index.js":{"path":"C:\\Users\\Supernova\\bootcamp\\collab\\skylab-bootcamp-201901\\staff\\daniel-toledo\\spotify-app-mren\\api\\src\\data\\album-comments\\index.js","statementMap":{"0":{"start":{"line":1,"column":13},"end":{"line":1,"column":31}},"1":{"start":{"line":2,"column":12},"end":{"line":2,"column":34}},"2":{"start":{"line":3,"column":13},"end":{"line":3,"column":28}},"3":{"start":{"line":5,"column":21},"end":{"line":118,"column":1}},"4":{"start":{"line":9,"column":8},"end":{"line":13,"column":14}},"5":{"start":{"line":10,"column":29},"end":{"line":10,"column":48}},"6":{"start":{"line":12,"column":16},"end":{"line":12,"column":34}},"7":{"start":{"line":12,"column":25},"end":{"line":12,"column":34}},"8":{"start":{"line":17,"column":8},"end":{"line":17,"column":69}},"9":{"start":{"line":21,"column":8},"end":{"line":21,"column":75}},"10":{"start":{"line":21,"column":35},"end":{"line":21,"column":75}},"11":{"start":{"line":22,"column":8},"end":{"line":22,"column":91}},"12":{"start":{"line":22,"column":43},"end":{"line":22,"column":91}},"13":{"start":{"line":24,"column":21},"end":{"line":24,"column":52}},"14":{"start":{"line":26,"column":8},"end":{"line":33,"column":14}},"15":{"start":{"line":28,"column":16},"end":{"line":28,"column":35}},"16":{"start":{"line":30,"column":16},"end":{"line":30,"column":38}},"17":{"start":{"line":32,"column":16},"end":{"line":32,"column":52}},"18":{"start":{"line":37,"column":8},"end":{"line":37,"column":65}},"19":{"start":{"line":37,"column":30},"end":{"line":37,"column":65}},"20":{"start":{"line":38,"column":8},"end":{"line":38,"column":78}},"21":{"start":{"line":38,"column":35},"end":{"line":38,"column":78}},"22":{"start":{"line":41,"column":21},"end":{"line":41,"column":52}},"23":{"start":{"line":43,"column":8},"end":{"line":52,"column":14}},"24":{"start":{"line":45,"column":32},"end":{"line":45,"column":75}},"25":{"start":{"line":45,"column":57},"end":{"line":45,"column":74}},"26":{"start":{"line":47,"column":16},"end":{"line":47,"column":63}},"27":{"start":{"line":47,"column":52},"end":{"line":47,"column":63}},"28":{"start":{"line":49,"column":16},"end":{"line":49,"column":53}},"29":{"start":{"line":51,"column":16},"end":{"line":51,"column":30}},"30":{"start":{"line":56,"column":8},"end":{"line":56,"column":75}},"31":{"start":{"line":56,"column":35},"end":{"line":56,"column":75}},"32":{"start":{"line":57,"column":8},"end":{"line":57,"column":91}},"33":{"start":{"line":57,"column":43},"end":{"line":57,"column":91}},"34":{"start":{"line":60,"column":21},"end":{"line":60,"column":52}},"35":{"start":{"line":62,"column":8},"end":{"line":71,"column":14}},"36":{"start":{"line":64,"column":30},"end":{"line":64,"column":88}},"37":{"start":{"line":64,"column":61},"end":{"line":64,"column":87}},"38":{"start":{"line":66,"column":16},"end":{"line":66,"column":85}},"39":{"start":{"line":66,"column":31},"end":{"line":66,"column":85}},"40":{"start":{"line":68,"column":16},"end":{"line":68,"column":41}},"41":{"start":{"line":70,"column":16},"end":{"line":70,"column":52}},"42":{"start":{"line":75,"column":8},"end":{"line":75,"column":65}},"43":{"start":{"line":75,"column":30},"end":{"line":75,"column":65}},"44":{"start":{"line":76,"column":8},"end":{"line":76,"column":78}},"45":{"start":{"line":76,"column":35},"end":{"line":76,"column":78}},"46":{"start":{"line":78,"column":21},"end":{"line":78,"column":52}},"47":{"start":{"line":80,"column":8},"end":{"line":89,"column":14}},"48":{"start":{"line":82,"column":30},"end":{"line":82,"column":78}},"49":{"start":{"line":82,"column":60},"end":{"line":82,"column":77}},"50":{"start":{"line":84,"column":16},"end":{"line":84,"column":77}},"51":{"start":{"line":84,"column":31},"end":{"line":84,"column":77}},"52":{"start":{"line":86,"column":16},"end":{"line":86,"column":41}},"53":{"start":{"line":88,"column":16},"end":{"line":88,"column":52}},"54":{"start":{"line":93,"column":21},"end":{"line":93,"column":52}},"55":{"start":{"line":95,"column":8},"end":{"line":95,"column":38}},"56":{"start":{"line":99,"column":8},"end":{"line":99,"column":77}},"57":{"start":{"line":99,"column":36},"end":{"line":99,"column":77}},"58":{"start":{"line":100,"column":8},"end":{"line":100,"column":93}},"59":{"start":{"line":100,"column":44},"end":{"line":100,"column":93}},"60":{"start":{"line":102,"column":21},"end":{"line":102,"column":52}},"61":{"start":{"line":104,"column":8},"end":{"line":116,"column":14}},"62":{"start":{"line":106,"column":33},"end":{"line":111,"column":18}},"63":{"start":{"line":107,"column":20},"end":{"line":108,"column":72}},"64":{"start":{"line":108,"column":24},"end":{"line":108,"column":72}},"65":{"start":{"line":108,"column":60},"end":{"line":108,"column":72}},"66":{"start":{"line":110,"column":20},"end":{"line":110,"column":31}},"67":{"start":{"line":113,"column":16},"end":{"line":113,"column":82}},"68":{"start":{"line":113,"column":44},"end":{"line":113,"column":81}},"69":{"start":{"line":115,"column":16},"end":{"line":115,"column":31}},"70":{"start":{"line":120,"column":0},"end":{"line":120,"column":29}}},"fnMap":{"0":{"name":"(anonymous_0)","decl":{"start":{"line":8,"column":4},"end":{"line":8,"column":5}},"loc":{"start":{"line":8,"column":19},"end":{"line":14,"column":5}},"line":8},"1":{"name":"(anonymous_1)","decl":{"start":{"line":10,"column":18},"end":{"line":10,"column":19}},"loc":{"start":{"line":10,"column":29},"end":{"line":10,"column":48}},"line":10},"2":{"name":"(anonymous_2)","decl":{"start":{"line":11,"column":19},"end":{"line":11,"column":20}},"loc":{"start":{"line":11,"column":28},"end":{"line":13,"column":13}},"line":11},"3":{"name":"(anonymous_3)","decl":{"start":{"line":16,"column":4},"end":{"line":16,"column":5}},"loc":{"start":{"line":16,"column":29},"end":{"line":18,"column":5}},"line":16},"4":{"name":"(anonymous_4)","decl":{"start":{"line":20,"column":4},"end":{"line":20,"column":5}},"loc":{"start":{"line":20,"column":17},"end":{"line":34,"column":5}},"line":20},"5":{"name":"(anonymous_5)","decl":{"start":{"line":27,"column":18},"end":{"line":27,"column":19}},"loc":{"start":{"line":27,"column":30},"end":{"line":33,"column":13}},"line":27},"6":{"name":"(anonymous_6)","decl":{"start":{"line":36,"column":4},"end":{"line":36,"column":5}},"loc":{"start":{"line":36,"column":17},"end":{"line":53,"column":5}},"line":36},"7":{"name":"(anonymous_7)","decl":{"start":{"line":44,"column":18},"end":{"line":44,"column":19}},"loc":{"start":{"line":44,"column":30},"end":{"line":52,"column":13}},"line":44},"8":{"name":"(anonymous_8)","decl":{"start":{"line":45,"column":46},"end":{"line":45,"column":47}},"loc":{"start":{"line":45,"column":57},"end":{"line":45,"column":74}},"line":45},"9":{"name":"(anonymous_9)","decl":{"start":{"line":55,"column":4},"end":{"line":55,"column":5}},"loc":{"start":{"line":55,"column":20},"end":{"line":72,"column":5}},"line":55},"10":{"name":"(anonymous_10)","decl":{"start":{"line":63,"column":18},"end":{"line":63,"column":19}},"loc":{"start":{"line":63,"column":30},"end":{"line":71,"column":13}},"line":63},"11":{"name":"(anonymous_11)","decl":{"start":{"line":64,"column":49},"end":{"line":64,"column":50}},"loc":{"start":{"line":64,"column":61},"end":{"line":64,"column":87}},"line":64},"12":{"name":"(anonymous_12)","decl":{"start":{"line":74,"column":4},"end":{"line":74,"column":5}},"loc":{"start":{"line":74,"column":15},"end":{"line":90,"column":5}},"line":74},"13":{"name":"(anonymous_13)","decl":{"start":{"line":81,"column":18},"end":{"line":81,"column":19}},"loc":{"start":{"line":81,"column":30},"end":{"line":89,"column":13}},"line":81},"14":{"name":"(anonymous_14)","decl":{"start":{"line":82,"column":49},"end":{"line":82,"column":50}},"loc":{"start":{"line":82,"column":60},"end":{"line":82,"column":77}},"line":82},"15":{"name":"(anonymous_15)","decl":{"start":{"line":92,"column":4},"end":{"line":92,"column":5}},"loc":{"start":{"line":92,"column":16},"end":{"line":96,"column":5}},"line":92},"16":{"name":"(anonymous_16)","decl":{"start":{"line":98,"column":4},"end":{"line":98,"column":5}},"loc":{"start":{"line":98,"column":19},"end":{"line":117,"column":5}},"line":98},"17":{"name":"(anonymous_17)","decl":{"start":{"line":105,"column":18},"end":{"line":105,"column":19}},"loc":{"start":{"line":105,"column":30},"end":{"line":116,"column":13}},"line":105},"18":{"name":"(anonymous_18)","decl":{"start":{"line":106,"column":49},"end":{"line":106,"column":50}},"loc":{"start":{"line":106,"column":60},"end":{"line":111,"column":17}},"line":106},"19":{"name":"(anonymous_19)","decl":{"start":{"line":113,"column":33},"end":{"line":113,"column":34}},"loc":{"start":{"line":113,"column":44},"end":{"line":113,"column":81}},"line":113}},"branchMap":{"0":{"loc":{"start":{"line":12,"column":16},"end":{"line":12,"column":34}},"type":"if","locations":[{"start":{"line":12,"column":16},"end":{"line":12,"column":34}},{"start":{"line":12,"column":16},"end":{"line":12,"column":34}}],"line":12},"1":{"loc":{"start":{"line":21,"column":8},"end":{"line":21,"column":75}},"type":"if","locations":[{"start":{"line":21,"column":8},"end":{"line":21,"column":75}},{"start":{"line":21,"column":8},"end":{"line":21,"column":75}}],"line":21},"2":{"loc":{"start":{"line":22,"column":8},"end":{"line":22,"column":91}},"type":"if","locations":[{"start":{"line":22,"column":8},"end":{"line":22,"column":91}},{"start":{"line":22,"column":8},"end":{"line":22,"column":91}}],"line":22},"3":{"loc":{"start":{"line":37,"column":8},"end":{"line":37,"column":65}},"type":"if","locations":[{"start":{"line":37,"column":8},"end":{"line":37,"column":65}},{"start":{"line":37,"column":8},"end":{"line":37,"column":65}}],"line":37},"4":{"loc":{"start":{"line":38,"column":8},"end":{"line":38,"column":78}},"type":"if","locations":[{"start":{"line":38,"column":8},"end":{"line":38,"column":78}},{"start":{"line":38,"column":8},"end":{"line":38,"column":78}}],"line":38},"5":{"loc":{"start":{"line":47,"column":16},"end":{"line":47,"column":63}},"type":"if","locations":[{"start":{"line":47,"column":16},"end":{"line":47,"column":63}},{"start":{"line":47,"column":16},"end":{"line":47,"column":63}}],"line":47},"6":{"loc":{"start":{"line":56,"column":8},"end":{"line":56,"column":75}},"type":"if","locations":[{"start":{"line":56,"column":8},"end":{"line":56,"column":75}},{"start":{"line":56,"column":8},"end":{"line":56,"column":75}}],"line":56},"7":{"loc":{"start":{"line":57,"column":8},"end":{"line":57,"column":91}},"type":"if","locations":[{"start":{"line":57,"column":8},"end":{"line":57,"column":91}},{"start":{"line":57,"column":8},"end":{"line":57,"column":91}}],"line":57},"8":{"loc":{"start":{"line":66,"column":16},"end":{"line":66,"column":85}},"type":"if","locations":[{"start":{"line":66,"column":16},"end":{"line":66,"column":85}},{"start":{"line":66,"column":16},"end":{"line":66,"column":85}}],"line":66},"9":{"loc":{"start":{"line":75,"column":8},"end":{"line":75,"column":65}},"type":"if","locations":[{"start":{"line":75,"column":8},"end":{"line":75,"column":65}},{"start":{"line":75,"column":8},"end":{"line":75,"column":65}}],"line":75},"10":{"loc":{"start":{"line":76,"column":8},"end":{"line":76,"column":78}},"type":"if","locations":[{"start":{"line":76,"column":8},"end":{"line":76,"column":78}},{"start":{"line":76,"column":8},"end":{"line":76,"column":78}}],"line":76},"11":{"loc":{"start":{"line":84,"column":16},"end":{"line":84,"column":77}},"type":"if","locations":[{"start":{"line":84,"column":16},"end":{"line":84,"column":77}},{"start":{"line":84,"column":16},"end":{"line":84,"column":77}}],"line":84},"12":{"loc":{"start":{"line":99,"column":8},"end":{"line":99,"column":77}},"type":"if","locations":[{"start":{"line":99,"column":8},"end":{"line":99,"column":77}},{"start":{"line":99,"column":8},"end":{"line":99,"column":77}}],"line":99},"13":{"loc":{"start":{"line":100,"column":8},"end":{"line":100,"column":93}},"type":"if","locations":[{"start":{"line":100,"column":8},"end":{"line":100,"column":93}},{"start":{"line":100,"column":8},"end":{"line":100,"column":93}}],"line":100},"14":{"loc":{"start":{"line":108,"column":24},"end":{"line":108,"column":72}},"type":"if","locations":[{"start":{"line":108,"column":24},"end":{"line":108,"column":72}},{"start":{"line":108,"column":24},"end":{"line":108,"column":72}}],"line":108}},"s":{"0":1,"1":1,"2":1,"3":1,"4":8,"5":8,"6":0,"7":0,"8":5,"9":5,"10":2,"11":3,"12":2,"13":1,"14":1,"15":1,"16":1,"17":1,"18":3,"19":1,"20":2,"21":1,"22":1,"23":1,"24":1,"25":1,"26":1,"27":0,"28":1,"29":1,"30":3,"31":1,"32":2,"33":1,"34":1,"35":1,"36":1,"37":1,"38":1,"39":0,"40":1,"41":1,"42":3,"43":1,"44":2,"45":1,"46":1,"47":1,"48":1,"49":1,"50":1,"51":0,"52":1,"53":1,"54":1,"55":1,"56":3,"57":0,"58":3,"59":0,"60":3,"61":3,"62":3,"63":15,"64":18,"65":9,"66":6,"67":3,"68":6,"69":3,"70":1},"f":{"0":8,"1":8,"2":0,"3":5,"4":5,"5":1,"6":3,"7":1,"8":1,"9":3,"10":1,"11":1,"12":3,"13":1,"14":1,"15":1,"16":3,"17":3,"18":15,"19":6},"b":{"0":[0,0],"1":[2,3],"2":[2,1],"3":[1,2],"4":[1,1],"5":[0,1],"6":[1,2],"7":[1,1],"8":[0,1],"9":[1,2],"10":[1,1],"11":[0,1],"12":[0,3],"13":[0,3],"14":[9,9]},"_coverageSchema":"43e27e138ebf9cfc5966b082cf9a028302ed4184","hash":"4cccdc352d27186d1f1fca539c98d92a83c59bc8","contentHash":"53613a91ef6ae410a89da1e1a963f5eeb356bf2d389df79b26c0026997b094f9"},"C:\\Users\\Supernova\\bootcamp\\collab\\skylab-bootcamp-201901\\staff\\daniel-toledo\\spotify-app-mren\\api\\src\\data\\artist-comments\\index.spec.js":{"path":"C:\\Users\\Supernova\\bootcamp\\collab\\skylab-bootcamp-201901\\staff\\daniel-toledo\\spotify-app-mren\\api\\src\\data\\artist-comments\\index.spec.js","statementMap":{"0":{"start":{"line":3,"column":15},"end":{"line":3,"column":32}},"1":{"start":{"line":4,"column":13},"end":{"line":4,"column":28}},"2":{"start":{"line":5,"column":12},"end":{"line":5,"column":34}},"3":{"start":{"line":6,"column":22},"end":{"line":6,"column":34}},"4":{"start":{"line":7,"column":13},"end":{"line":7,"column":28}},"5":{"start":{"line":9,"column":0},"end":{"line":399,"column":2}},"6":{"start":{"line":10,"column":4},"end":{"line":10,"column":50}},"7":{"start":{"line":11,"column":17},"end":{"line":11,"column":57}},"8":{"start":{"line":13,"column":4},"end":{"line":13,"column":61}},"9":{"start":{"line":13,"column":21},"end":{"line":13,"column":60}},"10":{"start":{"line":15,"column":4},"end":{"line":57,"column":6}},"11":{"start":{"line":16,"column":25},"end":{"line":38,"column":9}},"12":{"start":{"line":40,"column":8},"end":{"line":40,"column":71}},"13":{"start":{"line":40,"column":25},"end":{"line":40,"column":70}},"14":{"start":{"line":42,"column":8},"end":{"line":56,"column":9}},"15":{"start":{"line":43,"column":12},"end":{"line":55,"column":18}},"16":{"start":{"line":45,"column":20},"end":{"line":45,"column":51}},"17":{"start":{"line":46,"column":20},"end":{"line":46,"column":66}},"18":{"start":{"line":48,"column":20},"end":{"line":54,"column":22}},"19":{"start":{"line":49,"column":24},"end":{"line":49,"column":59}},"20":{"start":{"line":50,"column":24},"end":{"line":50,"column":67}},"21":{"start":{"line":51,"column":24},"end":{"line":51,"column":71}},"22":{"start":{"line":52,"column":24},"end":{"line":52,"column":63}},"23":{"start":{"line":53,"column":24},"end":{"line":53,"column":77}},"24":{"start":{"line":59,"column":4},"end":{"line":101,"column":6}},"25":{"start":{"line":60,"column":25},"end":{"line":82,"column":9}},"26":{"start":{"line":84,"column":8},"end":{"line":100,"column":9}},"27":{"start":{"line":85,"column":12},"end":{"line":99,"column":18}},"28":{"start":{"line":86,"column":28},"end":{"line":86,"column":46}},"29":{"start":{"line":87,"column":33},"end":{"line":87,"column":52}},"30":{"start":{"line":89,"column":20},"end":{"line":89,"column":51}},"31":{"start":{"line":90,"column":20},"end":{"line":90,"column":66}},"32":{"start":{"line":92,"column":20},"end":{"line":98,"column":22}},"33":{"start":{"line":93,"column":24},"end":{"line":93,"column":59}},"34":{"start":{"line":94,"column":24},"end":{"line":94,"column":67}},"35":{"start":{"line":95,"column":24},"end":{"line":95,"column":71}},"36":{"start":{"line":96,"column":24},"end":{"line":96,"column":63}},"37":{"start":{"line":97,"column":24},"end":{"line":97,"column":77}},"38":{"start":{"line":103,"column":4},"end":{"line":140,"column":6}},"39":{"start":{"line":104,"column":24},"end":{"line":109,"column":9}},"40":{"start":{"line":111,"column":8},"end":{"line":131,"column":9}},"41":{"start":{"line":112,"column":12},"end":{"line":130,"column":18}},"42":{"start":{"line":114,"column":20},"end":{"line":114,"column":52}},"43":{"start":{"line":116,"column":20},"end":{"line":116,"column":45}},"44":{"start":{"line":118,"column":33},"end":{"line":118,"column":52}},"45":{"start":{"line":120,"column":20},"end":{"line":120,"column":50}},"46":{"start":{"line":121,"column":20},"end":{"line":121,"column":51}},"47":{"start":{"line":123,"column":67},"end":{"line":123,"column":75}},"48":{"start":{"line":125,"column":20},"end":{"line":125,"column":47}},"49":{"start":{"line":126,"column":20},"end":{"line":126,"column":55}},"50":{"start":{"line":127,"column":20},"end":{"line":127,"column":59}},"51":{"start":{"line":128,"column":20},"end":{"line":128,"column":51}},"52":{"start":{"line":129,"column":20},"end":{"line":129,"column":65}},"53":{"start":{"line":133,"column":8},"end":{"line":135,"column":9}},"54":{"start":{"line":134,"column":12},"end":{"line":134,"column":89}},"55":{"start":{"line":134,"column":25},"end":{"line":134,"column":44}},"56":{"start":{"line":137,"column":8},"end":{"line":139,"column":9}},"57":{"start":{"line":138,"column":12},"end":{"line":138,"column":89}},"58":{"start":{"line":138,"column":25},"end":{"line":138,"column":45}},"59":{"start":{"line":142,"column":4},"end":{"line":174,"column":6}},"60":{"start":{"line":143,"column":24},"end":{"line":149,"column":9}},"61":{"start":{"line":151,"column":8},"end":{"line":154,"column":9}},"62":{"start":{"line":153,"column":12},"end":{"line":153,"column":58}},"63":{"start":{"line":156,"column":8},"end":{"line":165,"column":9}},"64":{"start":{"line":157,"column":12},"end":{"line":164,"column":18}},"65":{"start":{"line":159,"column":20},"end":{"line":159,"column":47}},"66":{"start":{"line":160,"column":20},"end":{"line":160,"column":59}},"67":{"start":{"line":161,"column":20},"end":{"line":161,"column":55}},"68":{"start":{"line":162,"column":20},"end":{"line":162,"column":51}},"69":{"start":{"line":163,"column":20},"end":{"line":163,"column":73}},"70":{"start":{"line":167,"column":8},"end":{"line":169,"column":9}},"71":{"start":{"line":168,"column":12},"end":{"line":168,"column":94}},"72":{"start":{"line":168,"column":25},"end":{"line":168,"column":49}},"73":{"start":{"line":171,"column":8},"end":{"line":173,"column":9}},"74":{"start":{"line":172,"column":12},"end":{"line":172,"column":94}},"75":{"start":{"line":172,"column":25},"end":{"line":172,"column":50}},"76":{"start":{"line":176,"column":4},"end":{"line":213,"column":6}},"77":{"start":{"line":177,"column":24},"end":{"line":183,"column":9}},"78":{"start":{"line":185,"column":8},"end":{"line":188,"column":9}},"79":{"start":{"line":187,"column":12},"end":{"line":187,"column":58}},"80":{"start":{"line":190,"column":8},"end":{"line":204,"column":10}},"81":{"start":{"line":191,"column":12},"end":{"line":191,"column":34}},"82":{"start":{"line":193,"column":12},"end":{"line":203,"column":18}},"83":{"start":{"line":194,"column":28},"end":{"line":194,"column":46}},"84":{"start":{"line":195,"column":33},"end":{"line":195,"column":52}},"85":{"start":{"line":196,"column":34},"end":{"line":196,"column":87}},"86":{"start":{"line":196,"column":60},"end":{"line":196,"column":86}},"87":{"start":{"line":198,"column":20},"end":{"line":198,"column":47}},"88":{"start":{"line":199,"column":20},"end":{"line":199,"column":59}},"89":{"start":{"line":200,"column":20},"end":{"line":200,"column":55}},"90":{"start":{"line":201,"column":20},"end":{"line":201,"column":51}},"91":{"start":{"line":202,"column":20},"end":{"line":202,"column":65}},"92":{"start":{"line":206,"column":8},"end":{"line":208,"column":9}},"93":{"start":{"line":207,"column":12},"end":{"line":207,"column":92}},"94":{"start":{"line":207,"column":25},"end":{"line":207,"column":47}},"95":{"start":{"line":210,"column":8},"end":{"line":212,"column":9}},"96":{"start":{"line":211,"column":12},"end":{"line":211,"column":92}},"97":{"start":{"line":211,"column":25},"end":{"line":211,"column":48}},"98":{"start":{"line":215,"column":4},"end":{"line":244,"column":6}},"99":{"start":{"line":216,"column":24},"end":{"line":222,"column":9}},"100":{"start":{"line":224,"column":8},"end":{"line":227,"column":9}},"101":{"start":{"line":226,"column":12},"end":{"line":226,"column":58}},"102":{"start":{"line":229,"column":8},"end":{"line":235,"column":9}},"103":{"start":{"line":230,"column":12},"end":{"line":234,"column":65}},"104":{"start":{"line":231,"column":28},"end":{"line":231,"column":46}},"105":{"start":{"line":232,"column":33},"end":{"line":232,"column":52}},"106":{"start":{"line":233,"column":34},"end":{"line":233,"column":87}},"107":{"start":{"line":233,"column":60},"end":{"line":233,"column":86}},"108":{"start":{"line":234,"column":33},"end":{"line":234,"column":64}},"109":{"start":{"line":237,"column":8},"end":{"line":239,"column":9}},"110":{"start":{"line":238,"column":12},"end":{"line":238,"column":87}},"111":{"start":{"line":238,"column":25},"end":{"line":238,"column":47}},"112":{"start":{"line":241,"column":8},"end":{"line":243,"column":9}},"113":{"start":{"line":242,"column":12},"end":{"line":242,"column":92}},"114":{"start":{"line":242,"column":25},"end":{"line":242,"column":48}},"115":{"start":{"line":246,"column":4},"end":{"line":270,"column":6}},"116":{"start":{"line":247,"column":24},"end":{"line":253,"column":9}},"117":{"start":{"line":255,"column":8},"end":{"line":258,"column":9}},"118":{"start":{"line":257,"column":12},"end":{"line":257,"column":58}},"119":{"start":{"line":259,"column":8},"end":{"line":269,"column":9}},"120":{"start":{"line":260,"column":12},"end":{"line":267,"column":18}},"121":{"start":{"line":261,"column":28},"end":{"line":261,"column":46}},"122":{"start":{"line":262,"column":33},"end":{"line":262,"column":52}},"123":{"start":{"line":264,"column":20},"end":{"line":264,"column":49}},"124":{"start":{"line":265,"column":20},"end":{"line":265,"column":50}},"125":{"start":{"line":266,"column":20},"end":{"line":266,"column":59}},"126":{"start":{"line":272,"column":4},"end":{"line":396,"column":6}},"127":{"start":{"line":273,"column":24},"end":{"line":279,"column":9}},"128":{"start":{"line":281,"column":25},"end":{"line":287,"column":9}},"129":{"start":{"line":289,"column":25},"end":{"line":295,"column":9}},"130":{"start":{"line":297,"column":25},"end":{"line":303,"column":9}},"131":{"start":{"line":305,"column":25},"end":{"line":311,"column":9}},"132":{"start":{"line":313,"column":8},"end":{"line":320,"column":9}},"133":{"start":{"line":319,"column":12},"end":{"line":319,"column":98}},"134":{"start":{"line":322,"column":8},"end":{"line":336,"column":9}},"135":{"start":{"line":323,"column":12},"end":{"line":335,"column":18}},"136":{"start":{"line":325,"column":20},"end":{"line":325,"column":50}},"137":{"start":{"line":326,"column":20},"end":{"line":326,"column":51}},"138":{"start":{"line":328,"column":67},"end":{"line":328,"column":75}},"139":{"start":{"line":330,"column":20},"end":{"line":330,"column":48}},"140":{"start":{"line":331,"column":20},"end":{"line":331,"column":60}},"141":{"start":{"line":332,"column":20},"end":{"line":332,"column":56}},"142":{"start":{"line":333,"column":20},"end":{"line":333,"column":52}},"143":{"start":{"line":334,"column":20},"end":{"line":334,"column":55}},"144":{"start":{"line":338,"column":8},"end":{"line":364,"column":9}},"145":{"start":{"line":339,"column":12},"end":{"line":363,"column":18}},"146":{"start":{"line":341,"column":20},"end":{"line":341,"column":50}},"147":{"start":{"line":342,"column":20},"end":{"line":342,"column":51}},"148":{"start":{"line":344,"column":61},"end":{"line":344,"column":69}},"149":{"start":{"line":346,"column":20},"end":{"line":346,"column":57}},"150":{"start":{"line":347,"column":20},"end":{"line":347,"column":69}},"151":{"start":{"line":348,"column":20},"end":{"line":348,"column":65}},"152":{"start":{"line":349,"column":20},"end":{"line":349,"column":61}},"153":{"start":{"line":350,"column":20},"end":{"line":350,"column":64}},"154":{"start":{"line":352,"column":20},"end":{"line":352,"column":58}},"155":{"start":{"line":353,"column":20},"end":{"line":353,"column":70}},"156":{"start":{"line":354,"column":20},"end":{"line":354,"column":66}},"157":{"start":{"line":355,"column":20},"end":{"line":355,"column":62}},"158":{"start":{"line":356,"column":20},"end":{"line":356,"column":65}},"159":{"start":{"line":358,"column":20},"end":{"line":358,"column":58}},"160":{"start":{"line":359,"column":20},"end":{"line":359,"column":70}},"161":{"start":{"line":360,"column":20},"end":{"line":360,"column":66}},"162":{"start":{"line":361,"column":20},"end":{"line":361,"column":62}},"163":{"start":{"line":362,"column":20},"end":{"line":362,"column":65}},"164":{"start":{"line":366,"column":8},"end":{"line":386,"column":9}},"165":{"start":{"line":367,"column":12},"end":{"line":385,"column":18}},"166":{"start":{"line":369,"column":20},"end":{"line":369,"column":50}},"167":{"start":{"line":370,"column":20},"end":{"line":370,"column":51}},"168":{"start":{"line":372,"column":50},"end":{"line":372,"column":58}},"169":{"start":{"line":374,"column":20},"end":{"line":374,"column":57}},"170":{"start":{"line":375,"column":20},"end":{"line":375,"column":69}},"171":{"start":{"line":376,"column":20},"end":{"line":376,"column":65}},"172":{"start":{"line":377,"column":20},"end":{"line":377,"column":61}},"173":{"start":{"line":378,"column":20},"end":{"line":378,"column":64}},"174":{"start":{"line":380,"column":20},"end":{"line":380,"column":58}},"175":{"start":{"line":381,"column":20},"end":{"line":381,"column":70}},"176":{"start":{"line":382,"column":20},"end":{"line":382,"column":66}},"177":{"start":{"line":383,"column":20},"end":{"line":383,"column":62}},"178":{"start":{"line":384,"column":20},"end":{"line":384,"column":65}},"179":{"start":{"line":389,"column":8},"end":{"line":391,"column":9}},"180":{"start":{"line":390,"column":12},"end":{"line":390,"column":90}},"181":{"start":{"line":390,"column":25},"end":{"line":390,"column":44}},"182":{"start":{"line":393,"column":8},"end":{"line":395,"column":9}},"183":{"start":{"line":394,"column":12},"end":{"line":394,"column":89}},"184":{"start":{"line":394,"column":25},"end":{"line":394,"column":45}},"185":{"start":{"line":398,"column":4},"end":{"line":398,"column":56}},"186":{"start":{"line":398,"column":16},"end":{"line":398,"column":55}}},"fnMap":{"0":{"name":"(anonymous_0)","decl":{"start":{"line":9,"column":33},"end":{"line":9,"column":34}},"loc":{"start":{"line":9,"column":39},"end":{"line":399,"column":1}},"line":9},"1":{"name":"(anonymous_1)","decl":{"start":{"line":13,"column":15},"end":{"line":13,"column":16}},"loc":{"start":{"line":13,"column":21},"end":{"line":13,"column":60}},"line":13},"2":{"name":"(anonymous_2)","decl":{"start":{"line":15,"column":25},"end":{"line":15,"column":26}},"loc":{"start":{"line":15,"column":31},"end":{"line":57,"column":5}},"line":15},"3":{"name":"(anonymous_3)","decl":{"start":{"line":40,"column":19},"end":{"line":40,"column":20}},"loc":{"start":{"line":40,"column":25},"end":{"line":40,"column":70}},"line":40},"4":{"name":"(anonymous_4)","decl":{"start":{"line":42,"column":50},"end":{"line":42,"column":51}},"loc":{"start":{"line":43,"column":12},"end":{"line":55,"column":18}},"line":43},"5":{"name":"(anonymous_5)","decl":{"start":{"line":44,"column":22},"end":{"line":44,"column":23}},"loc":{"start":{"line":44,"column":35},"end":{"line":55,"column":17}},"line":44},"6":{"name":"(anonymous_6)","decl":{"start":{"line":48,"column":38},"end":{"line":48,"column":39}},"loc":{"start":{"line":48,"column":87},"end":{"line":54,"column":21}},"line":48},"7":{"name":"(anonymous_7)","decl":{"start":{"line":59,"column":25},"end":{"line":59,"column":26}},"loc":{"start":{"line":59,"column":31},"end":{"line":101,"column":5}},"line":59},"8":{"name":"(anonymous_8)","decl":{"start":{"line":84,"column":50},"end":{"line":84,"column":51}},"loc":{"start":{"line":85,"column":12},"end":{"line":99,"column":18}},"line":85},"9":{"name":"(anonymous_9)","decl":{"start":{"line":86,"column":22},"end":{"line":86,"column":23}},"loc":{"start":{"line":86,"column":28},"end":{"line":86,"column":46}},"line":86},"10":{"name":"(anonymous_10)","decl":{"start":{"line":87,"column":22},"end":{"line":87,"column":23}},"loc":{"start":{"line":87,"column":33},"end":{"line":87,"column":52}},"line":87},"11":{"name":"(anonymous_11)","decl":{"start":{"line":88,"column":22},"end":{"line":88,"column":23}},"loc":{"start":{"line":88,"column":35},"end":{"line":99,"column":17}},"line":88},"12":{"name":"(anonymous_12)","decl":{"start":{"line":92,"column":38},"end":{"line":92,"column":39}},"loc":{"start":{"line":92,"column":87},"end":{"line":98,"column":21}},"line":92},"13":{"name":"(anonymous_13)","decl":{"start":{"line":103,"column":20},"end":{"line":103,"column":21}},"loc":{"start":{"line":103,"column":26},"end":{"line":140,"column":5}},"line":103},"14":{"name":"(anonymous_14)","decl":{"start":{"line":111,"column":45},"end":{"line":111,"column":46}},"loc":{"start":{"line":112,"column":12},"end":{"line":130,"column":18}},"line":112},"15":{"name":"(anonymous_15)","decl":{"start":{"line":113,"column":22},"end":{"line":113,"column":23}},"loc":{"start":{"line":113,"column":28},"end":{"line":117,"column":17}},"line":113},"16":{"name":"(anonymous_16)","decl":{"start":{"line":118,"column":22},"end":{"line":118,"column":23}},"loc":{"start":{"line":118,"column":33},"end":{"line":118,"column":52}},"line":118},"17":{"name":"(anonymous_17)","decl":{"start":{"line":119,"column":22},"end":{"line":119,"column":23}},"loc":{"start":{"line":119,"column":34},"end":{"line":130,"column":17}},"line":119},"18":{"name":"(anonymous_18)","decl":{"start":{"line":133,"column":47},"end":{"line":133,"column":48}},"loc":{"start":{"line":134,"column":12},"end":{"line":134,"column":89}},"line":134},"19":{"name":"(anonymous_19)","decl":{"start":{"line":134,"column":19},"end":{"line":134,"column":20}},"loc":{"start":{"line":134,"column":25},"end":{"line":134,"column":44}},"line":134},"20":{"name":"(anonymous_20)","decl":{"start":{"line":137,"column":59},"end":{"line":137,"column":60}},"loc":{"start":{"line":138,"column":12},"end":{"line":138,"column":89}},"line":138},"21":{"name":"(anonymous_21)","decl":{"start":{"line":138,"column":19},"end":{"line":138,"column":20}},"loc":{"start":{"line":138,"column":25},"end":{"line":138,"column":45}},"line":138},"22":{"name":"(anonymous_22)","decl":{"start":{"line":142,"column":25},"end":{"line":142,"column":26}},"loc":{"start":{"line":142,"column":31},"end":{"line":174,"column":5}},"line":142},"23":{"name":"(anonymous_23)","decl":{"start":{"line":151,"column":19},"end":{"line":151,"column":20}},"loc":{"start":{"line":153,"column":12},"end":{"line":153,"column":58}},"line":153},"24":{"name":"(anonymous_24)","decl":{"start":{"line":156,"column":51},"end":{"line":156,"column":52}},"loc":{"start":{"line":157,"column":12},"end":{"line":164,"column":18}},"line":157},"25":{"name":"(anonymous_25)","decl":{"start":{"line":158,"column":22},"end":{"line":158,"column":23}},"loc":{"start":{"line":158,"column":64},"end":{"line":164,"column":17}},"line":158},"26":{"name":"(anonymous_26)","decl":{"start":{"line":167,"column":42},"end":{"line":167,"column":43}},"loc":{"start":{"line":168,"column":12},"end":{"line":168,"column":94}},"line":168},"27":{"name":"(anonymous_27)","decl":{"start":{"line":168,"column":19},"end":{"line":168,"column":20}},"loc":{"start":{"line":168,"column":25},"end":{"line":168,"column":49}},"line":168},"28":{"name":"(anonymous_28)","decl":{"start":{"line":171,"column":54},"end":{"line":171,"column":55}},"loc":{"start":{"line":172,"column":12},"end":{"line":172,"column":94}},"line":172},"29":{"name":"(anonymous_29)","decl":{"start":{"line":172,"column":19},"end":{"line":172,"column":20}},"loc":{"start":{"line":172,"column":25},"end":{"line":172,"column":50}},"line":172},"30":{"name":"(anonymous_30)","decl":{"start":{"line":176,"column":23},"end":{"line":176,"column":24}},"loc":{"start":{"line":176,"column":29},"end":{"line":213,"column":5}},"line":176},"31":{"name":"(anonymous_31)","decl":{"start":{"line":185,"column":19},"end":{"line":185,"column":20}},"loc":{"start":{"line":187,"column":12},"end":{"line":187,"column":58}},"line":187},"32":{"name":"(anonymous_32)","decl":{"start":{"line":190,"column":45},"end":{"line":190,"column":46}},"loc":{"start":{"line":190,"column":51},"end":{"line":204,"column":9}},"line":190},"33":{"name":"(anonymous_33)","decl":{"start":{"line":194,"column":22},"end":{"line":194,"column":23}},"loc":{"start":{"line":194,"column":28},"end":{"line":194,"column":46}},"line":194},"34":{"name":"(anonymous_34)","decl":{"start":{"line":195,"column":22},"end":{"line":195,"column":23}},"loc":{"start":{"line":195,"column":33},"end":{"line":195,"column":52}},"line":195},"35":{"name":"(anonymous_35)","decl":{"start":{"line":196,"column":22},"end":{"line":196,"column":23}},"loc":{"start":{"line":196,"column":34},"end":{"line":196,"column":87}},"line":196},"36":{"name":"(anonymous_36)","decl":{"start":{"line":196,"column":48},"end":{"line":196,"column":49}},"loc":{"start":{"line":196,"column":60},"end":{"line":196,"column":86}},"line":196},"37":{"name":"(anonymous_37)","decl":{"start":{"line":197,"column":22},"end":{"line":197,"column":23}},"loc":{"start":{"line":197,"column":64},"end":{"line":203,"column":17}},"line":197},"38":{"name":"(anonymous_38)","decl":{"start":{"line":206,"column":47},"end":{"line":206,"column":48}},"loc":{"start":{"line":207,"column":12},"end":{"line":207,"column":92}},"line":207},"39":{"name":"(anonymous_39)","decl":{"start":{"line":207,"column":19},"end":{"line":207,"column":20}},"loc":{"start":{"line":207,"column":25},"end":{"line":207,"column":47}},"line":207},"40":{"name":"(anonymous_40)","decl":{"start":{"line":210,"column":59},"end":{"line":210,"column":60}},"loc":{"start":{"line":211,"column":12},"end":{"line":211,"column":92}},"line":211},"41":{"name":"(anonymous_41)","decl":{"start":{"line":211,"column":19},"end":{"line":211,"column":20}},"loc":{"start":{"line":211,"column":25},"end":{"line":211,"column":48}},"line":211},"42":{"name":"(anonymous_42)","decl":{"start":{"line":215,"column":23},"end":{"line":215,"column":24}},"loc":{"start":{"line":215,"column":29},"end":{"line":244,"column":5}},"line":215},"43":{"name":"(anonymous_43)","decl":{"start":{"line":224,"column":19},"end":{"line":224,"column":20}},"loc":{"start":{"line":226,"column":12},"end":{"line":226,"column":58}},"line":226},"44":{"name":"(anonymous_44)","decl":{"start":{"line":229,"column":51},"end":{"line":229,"column":52}},"loc":{"start":{"line":230,"column":12},"end":{"line":234,"column":65}},"line":230},"45":{"name":"(anonymous_45)","decl":{"start":{"line":231,"column":22},"end":{"line":231,"column":23}},"loc":{"start":{"line":231,"column":28},"end":{"line":231,"column":46}},"line":231},"46":{"name":"(anonymous_46)","decl":{"start":{"line":232,"column":22},"end":{"line":232,"column":23}},"loc":{"start":{"line":232,"column":33},"end":{"line":232,"column":52}},"line":232},"47":{"name":"(anonymous_47)","decl":{"start":{"line":233,"column":22},"end":{"line":233,"column":23}},"loc":{"start":{"line":233,"column":34},"end":{"line":233,"column":87}},"line":233},"48":{"name":"(anonymous_48)","decl":{"start":{"line":233,"column":48},"end":{"line":233,"column":49}},"loc":{"start":{"line":233,"column":60},"end":{"line":233,"column":86}},"line":233},"49":{"name":"(anonymous_49)","decl":{"start":{"line":234,"column":22},"end":{"line":234,"column":23}},"loc":{"start":{"line":234,"column":33},"end":{"line":234,"column":64}},"line":234},"50":{"name":"(anonymous_50)","decl":{"start":{"line":237,"column":42},"end":{"line":237,"column":43}},"loc":{"start":{"line":238,"column":12},"end":{"line":238,"column":87}},"line":238},"51":{"name":"(anonymous_51)","decl":{"start":{"line":238,"column":19},"end":{"line":238,"column":20}},"loc":{"start":{"line":238,"column":25},"end":{"line":238,"column":47}},"line":238},"52":{"name":"(anonymous_52)","decl":{"start":{"line":241,"column":54},"end":{"line":241,"column":55}},"loc":{"start":{"line":242,"column":12},"end":{"line":242,"column":92}},"line":242},"53":{"name":"(anonymous_53)","decl":{"start":{"line":242,"column":19},"end":{"line":242,"column":20}},"loc":{"start":{"line":242,"column":25},"end":{"line":242,"column":48}},"line":242},"54":{"name":"(anonymous_54)","decl":{"start":{"line":246,"column":26},"end":{"line":246,"column":27}},"loc":{"start":{"line":246,"column":32},"end":{"line":270,"column":5}},"line":246},"55":{"name":"(anonymous_55)","decl":{"start":{"line":255,"column":19},"end":{"line":255,"column":20}},"loc":{"start":{"line":257,"column":12},"end":{"line":257,"column":58}},"line":257},"56":{"name":"(anonymous_56)","decl":{"start":{"line":259,"column":37},"end":{"line":259,"column":38}},"loc":{"start":{"line":260,"column":12},"end":{"line":267,"column":18}},"line":260},"57":{"name":"(anonymous_57)","decl":{"start":{"line":261,"column":22},"end":{"line":261,"column":23}},"loc":{"start":{"line":261,"column":28},"end":{"line":261,"column":46}},"line":261},"58":{"name":"(anonymous_58)","decl":{"start":{"line":262,"column":22},"end":{"line":262,"column":23}},"loc":{"start":{"line":262,"column":33},"end":{"line":262,"column":52}},"line":262},"59":{"name":"(anonymous_59)","decl":{"start":{"line":263,"column":22},"end":{"line":263,"column":23}},"loc":{"start":{"line":263,"column":33},"end":{"line":267,"column":17}},"line":263},"60":{"name":"(anonymous_60)","decl":{"start":{"line":272,"column":21},"end":{"line":272,"column":22}},"loc":{"start":{"line":272,"column":27},"end":{"line":396,"column":5}},"line":272},"61":{"name":"(anonymous_61)","decl":{"start":{"line":313,"column":19},"end":{"line":313,"column":20}},"loc":{"start":{"line":319,"column":12},"end":{"line":319,"column":98}},"line":319},"62":{"name":"(anonymous_62)","decl":{"start":{"line":322,"column":55},"end":{"line":322,"column":56}},"loc":{"start":{"line":323,"column":12},"end":{"line":335,"column":18}},"line":323},"63":{"name":"(anonymous_63)","decl":{"start":{"line":324,"column":22},"end":{"line":324,"column":23}},"loc":{"start":{"line":324,"column":34},"end":{"line":335,"column":17}},"line":324},"64":{"name":"(anonymous_64)","decl":{"start":{"line":338,"column":62},"end":{"line":338,"column":63}},"loc":{"start":{"line":339,"column":12},"end":{"line":363,"column":18}},"line":339},"65":{"name":"(anonymous_65)","decl":{"start":{"line":340,"column":22},"end":{"line":340,"column":23}},"loc":{"start":{"line":340,"column":34},"end":{"line":363,"column":17}},"line":340},"66":{"name":"(anonymous_66)","decl":{"start":{"line":366,"column":74},"end":{"line":366,"column":75}},"loc":{"start":{"line":367,"column":12},"end":{"line":385,"column":18}},"line":367},"67":{"name":"(anonymous_67)","decl":{"start":{"line":368,"column":22},"end":{"line":368,"column":23}},"loc":{"start":{"line":368,"column":34},"end":{"line":385,"column":17}},"line":368},"68":{"name":"(anonymous_68)","decl":{"start":{"line":389,"column":48},"end":{"line":389,"column":49}},"loc":{"start":{"line":390,"column":12},"end":{"line":390,"column":90}},"line":390},"69":{"name":"(anonymous_69)","decl":{"start":{"line":390,"column":19},"end":{"line":390,"column":20}},"loc":{"start":{"line":390,"column":25},"end":{"line":390,"column":44}},"line":390},"70":{"name":"(anonymous_70)","decl":{"start":{"line":393,"column":60},"end":{"line":393,"column":61}},"loc":{"start":{"line":394,"column":12},"end":{"line":394,"column":89}},"line":394},"71":{"name":"(anonymous_71)","decl":{"start":{"line":394,"column":19},"end":{"line":394,"column":20}},"loc":{"start":{"line":394,"column":25},"end":{"line":394,"column":45}},"line":394},"72":{"name":"(anonymous_72)","decl":{"start":{"line":398,"column":10},"end":{"line":398,"column":11}},"loc":{"start":{"line":398,"column":16},"end":{"line":398,"column":55}},"line":398}},"branchMap":{},"s":{"0":1,"1":1,"2":1,"3":1,"4":1,"5":1,"6":1,"7":1,"8":1,"9":20,"10":1,"11":1,"12":1,"13":1,"14":1,"15":1,"16":1,"17":1,"18":1,"19":3,"20":3,"21":3,"22":3,"23":3,"24":1,"25":1,"26":1,"27":1,"28":1,"29":1,"30":1,"31":1,"32":1,"33":3,"34":3,"35":3,"36":3,"37":3,"38":1,"39":1,"40":1,"41":1,"42":1,"43":1,"44":1,"45":1,"46":1,"47":1,"48":1,"49":1,"50":1,"51":1,"52":1,"53":1,"54":1,"55":1,"56":1,"57":1,"58":1,"59":1,"60":1,"61":1,"62":3,"63":1,"64":1,"65":1,"66":1,"67":1,"68":1,"69":1,"70":1,"71":1,"72":1,"73":1,"74":1,"75":1,"76":1,"77":1,"78":1,"79":3,"80":1,"81":1,"82":1,"83":1,"84":1,"85":1,"86":1,"87":1,"88":1,"89":1,"90":1,"91":1,"92":1,"93":1,"94":1,"95":1,"96":1,"97":1,"98":1,"99":1,"100":1,"101":3,"102":1,"103":1,"104":1,"105":1,"106":1,"107":0,"108":1,"109":1,"110":1,"111":1,"112":1,"113":1,"114":1,"115":1,"116":1,"117":1,"118":1,"119":1,"120":1,"121":1,"122":1,"123":1,"124":1,"125":1,"126":1,"127":1,"128":1,"129":1,"130":1,"131":1,"132":1,"133":5,"134":1,"135":1,"136":1,"137":1,"138":1,"139":1,"140":1,"141":1,"142":1,"143":1,"144":1,"145":1,"146":1,"147":1,"148":1,"149":1,"150":1,"151":1,"152":1,"153":1,"154":1,"155":1,"156":1,"157":1,"158":1,"159":1,"160":1,"161":1,"162":1,"163":1,"164":1,"165":1,"166":1,"167":1,"168":1,"169":1,"170":1,"171":1,"172":1,"173":1,"174":1,"175":1,"176":1,"177":1,"178":1,"179":1,"180":1,"181":1,"182":1,"183":1,"184":1,"185":1,"186":1},"f":{"0":1,"1":20,"2":1,"3":1,"4":1,"5":1,"6":3,"7":1,"8":1,"9":1,"10":1,"11":1,"12":3,"13":1,"14":1,"15":1,"16":1,"17":1,"18":1,"19":1,"20":1,"21":1,"22":1,"23":3,"24":1,"25":1,"26":1,"27":1,"28":1,"29":1,"30":1,"31":3,"32":1,"33":1,"34":1,"35":1,"36":1,"37":1,"38":1,"39":1,"40":1,"41":1,"42":1,"43":3,"44":1,"45":1,"46":1,"47":1,"48":0,"49":1,"50":1,"51":1,"52":1,"53":1,"54":1,"55":1,"56":1,"57":1,"58":1,"59":1,"60":1,"61":5,"62":1,"63":1,"64":1,"65":1,"66":1,"67":1,"68":1,"69":1,"70":1,"71":1,"72":1},"b":{},"_coverageSchema":"43e27e138ebf9cfc5966b082cf9a028302ed4184","hash":"5783eedeec094e37abb4b66704dc240525be80c8","contentHash":"26d54dc133437e13eccc59fc69de5fc0cce418fb5b09bb8df5ed24397f7125e8"},"C:\\Users\\Supernova\\bootcamp\\collab\\skylab-bootcamp-201901\\staff\\daniel-toledo\\spotify-app-mren\\api\\src\\data\\artist-comments\\index.js":{"path":"C:\\Users\\Supernova\\bootcamp\\collab\\skylab-bootcamp-201901\\staff\\daniel-toledo\\spotify-app-mren\\api\\src\\data\\artist-comments\\index.js","statementMap":{"0":{"start":{"line":1,"column":13},"end":{"line":1,"column":31}},"1":{"start":{"line":2,"column":12},"end":{"line":2,"column":34}},"2":{"start":{"line":3,"column":13},"end":{"line":3,"column":28}},"3":{"start":{"line":5,"column":22},"end":{"line":118,"column":1}},"4":{"start":{"line":9,"column":8},"end":{"line":13,"column":14}},"5":{"start":{"line":10,"column":29},"end":{"line":10,"column":48}},"6":{"start":{"line":12,"column":16},"end":{"line":12,"column":34}},"7":{"start":{"line":12,"column":25},"end":{"line":12,"column":34}},"8":{"start":{"line":17,"column":8},"end":{"line":17,"column":69}},"9":{"start":{"line":21,"column":8},"end":{"line":21,"column":75}},"10":{"start":{"line":21,"column":35},"end":{"line":21,"column":75}},"11":{"start":{"line":22,"column":8},"end":{"line":22,"column":91}},"12":{"start":{"line":22,"column":43},"end":{"line":22,"column":91}},"13":{"start":{"line":24,"column":21},"end":{"line":24,"column":52}},"14":{"start":{"line":26,"column":8},"end":{"line":33,"column":14}},"15":{"start":{"line":28,"column":16},"end":{"line":28,"column":35}},"16":{"start":{"line":30,"column":16},"end":{"line":30,"column":38}},"17":{"start":{"line":32,"column":16},"end":{"line":32,"column":52}},"18":{"start":{"line":37,"column":8},"end":{"line":37,"column":65}},"19":{"start":{"line":37,"column":30},"end":{"line":37,"column":65}},"20":{"start":{"line":38,"column":8},"end":{"line":38,"column":78}},"21":{"start":{"line":38,"column":35},"end":{"line":38,"column":78}},"22":{"start":{"line":41,"column":21},"end":{"line":41,"column":52}},"23":{"start":{"line":43,"column":8},"end":{"line":52,"column":14}},"24":{"start":{"line":45,"column":32},"end":{"line":45,"column":75}},"25":{"start":{"line":45,"column":57},"end":{"line":45,"column":74}},"26":{"start":{"line":47,"column":16},"end":{"line":47,"column":63}},"27":{"start":{"line":47,"column":52},"end":{"line":47,"column":63}},"28":{"start":{"line":49,"column":16},"end":{"line":49,"column":53}},"29":{"start":{"line":51,"column":16},"end":{"line":51,"column":30}},"30":{"start":{"line":56,"column":8},"end":{"line":56,"column":75}},"31":{"start":{"line":56,"column":35},"end":{"line":56,"column":75}},"32":{"start":{"line":57,"column":8},"end":{"line":57,"column":91}},"33":{"start":{"line":57,"column":43},"end":{"line":57,"column":91}},"34":{"start":{"line":60,"column":21},"end":{"line":60,"column":52}},"35":{"start":{"line":62,"column":8},"end":{"line":71,"column":14}},"36":{"start":{"line":64,"column":30},"end":{"line":64,"column":88}},"37":{"start":{"line":64,"column":61},"end":{"line":64,"column":87}},"38":{"start":{"line":66,"column":16},"end":{"line":66,"column":85}},"39":{"start":{"line":66,"column":31},"end":{"line":66,"column":85}},"40":{"start":{"line":68,"column":16},"end":{"line":68,"column":41}},"41":{"start":{"line":70,"column":16},"end":{"line":70,"column":52}},"42":{"start":{"line":75,"column":8},"end":{"line":75,"column":65}},"43":{"start":{"line":75,"column":30},"end":{"line":75,"column":65}},"44":{"start":{"line":76,"column":8},"end":{"line":76,"column":78}},"45":{"start":{"line":76,"column":35},"end":{"line":76,"column":78}},"46":{"start":{"line":78,"column":21},"end":{"line":78,"column":52}},"47":{"start":{"line":80,"column":8},"end":{"line":89,"column":14}},"48":{"start":{"line":82,"column":30},"end":{"line":82,"column":78}},"49":{"start":{"line":82,"column":60},"end":{"line":82,"column":77}},"50":{"start":{"line":84,"column":16},"end":{"line":84,"column":77}},"51":{"start":{"line":84,"column":31},"end":{"line":84,"column":77}},"52":{"start":{"line":86,"column":16},"end":{"line":86,"column":41}},"53":{"start":{"line":88,"column":16},"end":{"line":88,"column":52}},"54":{"start":{"line":93,"column":21},"end":{"line":93,"column":52}},"55":{"start":{"line":95,"column":8},"end":{"line":95,"column":38}},"56":{"start":{"line":99,"column":8},"end":{"line":99,"column":77}},"57":{"start":{"line":99,"column":36},"end":{"line":99,"column":77}},"58":{"start":{"line":100,"column":8},"end":{"line":100,"column":93}},"59":{"start":{"line":100,"column":44},"end":{"line":100,"column":93}},"60":{"start":{"line":102,"column":21},"end":{"line":102,"column":52}},"61":{"start":{"line":104,"column":8},"end":{"line":116,"column":14}},"62":{"start":{"line":106,"column":33},"end":{"line":111,"column":18}},"63":{"start":{"line":107,"column":20},"end":{"line":108,"column":72}},"64":{"start":{"line":108,"column":24},"end":{"line":108,"column":72}},"65":{"start":{"line":108,"column":60},"end":{"line":108,"column":72}},"66":{"start":{"line":110,"column":20},"end":{"line":110,"column":31}},"67":{"start":{"line":113,"column":16},"end":{"line":113,"column":82}},"68":{"start":{"line":113,"column":44},"end":{"line":113,"column":81}},"69":{"start":{"line":115,"column":16},"end":{"line":115,"column":31}},"70":{"start":{"line":120,"column":0},"end":{"line":120,"column":30}}},"fnMap":{"0":{"name":"(anonymous_0)","decl":{"start":{"line":8,"column":4},"end":{"line":8,"column":5}},"loc":{"start":{"line":8,"column":19},"end":{"line":14,"column":5}},"line":8},"1":{"name":"(anonymous_1)","decl":{"start":{"line":10,"column":18},"end":{"line":10,"column":19}},"loc":{"start":{"line":10,"column":29},"end":{"line":10,"column":48}},"line":10},"2":{"name":"(anonymous_2)","decl":{"start":{"line":11,"column":19},"end":{"line":11,"column":20}},"loc":{"start":{"line":11,"column":28},"end":{"line":13,"column":13}},"line":11},"3":{"name":"(anonymous_3)","decl":{"start":{"line":16,"column":4},"end":{"line":16,"column":5}},"loc":{"start":{"line":16,"column":29},"end":{"line":18,"column":5}},"line":16},"4":{"name":"(anonymous_4)","decl":{"start":{"line":20,"column":4},"end":{"line":20,"column":5}},"loc":{"start":{"line":20,"column":17},"end":{"line":34,"column":5}},"line":20},"5":{"name":"(anonymous_5)","decl":{"start":{"line":27,"column":18},"end":{"line":27,"column":19}},"loc":{"start":{"line":27,"column":30},"end":{"line":33,"column":13}},"line":27},"6":{"name":"(anonymous_6)","decl":{"start":{"line":36,"column":4},"end":{"line":36,"column":5}},"loc":{"start":{"line":36,"column":17},"end":{"line":53,"column":5}},"line":36},"7":{"name":"(anonymous_7)","decl":{"start":{"line":44,"column":18},"end":{"line":44,"column":19}},"loc":{"start":{"line":44,"column":30},"end":{"line":52,"column":13}},"line":44},"8":{"name":"(anonymous_8)","decl":{"start":{"line":45,"column":46},"end":{"line":45,"column":47}},"loc":{"start":{"line":45,"column":57},"end":{"line":45,"column":74}},"line":45},"9":{"name":"(anonymous_9)","decl":{"start":{"line":55,"column":4},"end":{"line":55,"column":5}},"loc":{"start":{"line":55,"column":20},"end":{"line":72,"column":5}},"line":55},"10":{"name":"(anonymous_10)","decl":{"start":{"line":63,"column":18},"end":{"line":63,"column":19}},"loc":{"start":{"line":63,"column":30},"end":{"line":71,"column":13}},"line":63},"11":{"name":"(anonymous_11)","decl":{"start":{"line":64,"column":49},"end":{"line":64,"column":50}},"loc":{"start":{"line":64,"column":61},"end":{"line":64,"column":87}},"line":64},"12":{"name":"(anonymous_12)","decl":{"start":{"line":74,"column":4},"end":{"line":74,"column":5}},"loc":{"start":{"line":74,"column":15},"end":{"line":90,"column":5}},"line":74},"13":{"name":"(anonymous_13)","decl":{"start":{"line":81,"column":18},"end":{"line":81,"column":19}},"loc":{"start":{"line":81,"column":30},"end":{"line":89,"column":13}},"line":81},"14":{"name":"(anonymous_14)","decl":{"start":{"line":82,"column":49},"end":{"line":82,"column":50}},"loc":{"start":{"line":82,"column":60},"end":{"line":82,"column":77}},"line":82},"15":{"name":"(anonymous_15)","decl":{"start":{"line":92,"column":4},"end":{"line":92,"column":5}},"loc":{"start":{"line":92,"column":16},"end":{"line":96,"column":5}},"line":92},"16":{"name":"(anonymous_16)","decl":{"start":{"line":98,"column":4},"end":{"line":98,"column":5}},"loc":{
[...]
,"line":209},"48":{"loc":{"start":{"line":210,"column":8},"end":{"line":210,"column":90}},"type":"if","locations":[{"start":{"line":210,"column":8},"end":{"line":210,"column":90}},{"start":{"line":210,"column":8},"end":{"line":210,"column":90}}],"line":210},"49":{"loc":{"start":{"line":212,"column":8},"end":{"line":212,"column":84}},"type":"if","locations":[{"start":{"line":212,"column":8},"end":{"line":212,"column":84}},{"start":{"line":212,"column":8},"end":{"line":212,"column":84}}],"line":212},"50":{"loc":{"start":{"line":216,"column":24},"end":{"line":216,"column":42}},"type":"default-arg","locations":[{"start":{"line":216,"column":40},"end":{"line":216,"column":42}}],"line":216},"51":{"loc":{"start":{"line":220,"column":16},"end":{"line":221,"column":51}},"type":"if","locations":[{"start":{"line":220,"column":16},"end":{"line":221,"column":51}},{"start":{"line":220,"column":16},"end":{"line":221,"column":51}}],"line":220},"52":{"loc":{"start":{"line":253,"column":16},"end":{"line":254,"column":73}},"type":"if","locations":[{"start":{"line":253,"column":16},"end":{"line":254,"column":73}},{"start":{"line":253,"column":16},"end":{"line":254,"column":73}}],"line":253},"53":{"loc":{"start":{"line":260,"column":8},"end":{"line":260,"column":88}},"type":"if","locations":[{"start":{"line":260,"column":8},"end":{"line":260,"column":88}},{"start":{"line":260,"column":8},"end":{"line":260,"column":88}}],"line":260},"54":{"loc":{"start":{"line":262,"column":8},"end":{"line":262,"column":69}},"type":"if","locations":[{"start":{"line":262,"column":8},"end":{"line":262,"column":69}},{"start":{"line":262,"column":8},"end":{"line":262,"column":69}}],"line":262},"55":{"loc":{"start":{"line":293,"column":16},"end":{"line":294,"column":73}},"type":"if","locations":[{"start":{"line":293,"column":16},"end":{"line":294,"column":73}},{"start":{"line":293,"column":16},"end":{"line":294,"column":73}}],"line":293},"56":{"loc":{"start":{"line":305,"column":8},"end":{"line":305,"column":86}},"type":"if","locations":[{"start":{"line":305,"column":8},"end":{"line":305,"column":86}},{"start":{"line":305,"column":8},"end":{"line":305,"column":86}}],"line":305},"57":{"loc":{"start":{"line":307,"column":8},"end":{"line":307,"column":67}},"type":"if","locations":[{"start":{"line":307,"column":8},"end":{"line":307,"column":67}},{"start":{"line":307,"column":8},"end":{"line":307,"column":67}}],"line":307},"58":{"loc":{"start":{"line":313,"column":8},"end":{"line":313,"column":84}},"type":"if","locations":[{"start":{"line":313,"column":8},"end":{"line":313,"column":84}},{"start":{"line":313,"column":8},"end":{"line":313,"column":84}}],"line":313},"59":{"loc":{"start":{"line":315,"column":8},"end":{"line":315,"column":65}},"type":"if","locations":[{"start":{"line":315,"column":8},"end":{"line":315,"column":65}},{"start":{"line":315,"column":8},"end":{"line":315,"column":65}}],"line":315},"60":{"loc":{"start":{"line":329,"column":24},"end":{"line":329,"column":43}},"type":"default-arg","locations":[{"start":{"line":329,"column":41},"end":{"line":329,"column":43}}],"line":329},"61":{"loc":{"start":{"line":333,"column":16},"end":{"line":334,"column":52}},"type":"if","locations":[{"start":{"line":333,"column":16},"end":{"line":334,"column":52}},{"start":{"line":333,"column":16},"end":{"line":334,"column":52}}],"line":333},"62":{"loc":{"start":{"line":346,"column":8},"end":{"line":346,"column":86}},"type":"if","locations":[{"start":{"line":346,"column":8},"end":{"line":346,"column":86}},{"start":{"line":346,"column":8},"end":{"line":346,"column":86}}],"line":346},"63":{"loc":{"start":{"line":348,"column":8},"end":{"line":348,"column":67}},"type":"if","locations":[{"start":{"line":348,"column":8},"end":{"line":348,"column":67}},{"start":{"line":348,"column":8},"end":{"line":348,"column":67}}],"line":348},"64":{"loc":{"start":{"line":359,"column":8},"end":{"line":359,"column":86}},"type":"if","locations":[{"start":{"line":359,"column":8},"end":{"line":359,"column":86}},{"start":{"line":359,"column":8},"end":{"line":359,"column":86}}],"line":359},"65":{"loc":{"start":{"line":361,"column":8},"end":{"line":361,"column":67}},"type":"if","locations":[{"start":{"line":361,"column":8},"end":{"line":361,"column":67}},{"start":{"line":361,"column":8},"end":{"line":361,"column":67}}],"line":361},"66":{"loc":{"start":{"line":374,"column":24},"end":{"line":374,"column":43}},"type":"default-arg","locations":[{"start":{"line":374,"column":41},"end":{"line":374,"column":43}}],"line":374},"67":{"loc":{"start":{"line":378,"column":16},"end":{"line":379,"column":52}},"type":"if","locations":[{"start":{"line":378,"column":16},"end":{"line":379,"column":52}},{"start":{"line":378,"column":16},"end":{"line":379,"column":52}}],"line":378}},"s":{"0":1,"1":1,"2":1,"3":1,"4":1,"5":1,"6":1,"7":1,"8":40,"9":5,"10":35,"11":1,"12":34,"13":5,"14":29,"15":1,"16":28,"17":7,"18":21,"19":2,"20":19,"21":7,"22":12,"23":1,"24":11,"25":8,"26":3,"27":1,"28":2,"29":1,"30":1,"31":21,"32":9,"33":12,"34":1,"35":11,"36":9,"37":2,"38":1,"39":1,"40":1,"41":0,"42":1,"43":0,"44":1,"45":1,"46":1,"47":1,"48":1,"49":0,"50":1,"51":1,"52":1,"53":0,"54":1,"55":0,"56":1,"57":0,"58":1,"59":0,"60":1,"61":0,"62":1,"63":0,"64":1,"65":0,"66":1,"67":1,"68":0,"69":1,"70":0,"71":1,"72":0,"73":1,"74":0,"75":1,"76":0,"77":1,"78":11,"79":9,"80":2,"81":1,"82":1,"83":3,"84":1,"85":2,"86":1,"87":1,"88":1,"89":1,"90":1,"91":1,"92":0,"93":0,"94":1,"95":1,"96":5,"97":1,"98":4,"99":1,"100":3,"101":0,"102":3,"103":0,"104":3,"105":1,"106":2,"107":2,"108":2,"109":1,"110":2,"111":1,"112":1,"113":2,"114":0,"115":0,"116":0,"117":0,"118":0,"119":0,"120":0,"121":0,"122":0,"123":0,"124":0,"125":0,"126":0,"127":0,"128":0,"129":0,"130":0,"131":0,"132":1,"133":1,"134":1,"135":1,"136":1,"137":0,"138":0,"139":0,"140":0,"141":0,"142":11,"143":9,"144":2,"145":1,"146":1,"147":0,"148":0,"149":0,"150":0,"151":0,"152":0,"153":0,"154":0,"155":0,"156":0,"157":0,"158":0,"159":0,"160":0,"161":0,"162":0,"163":0,"164":0,"165":0,"166":0,"167":2,"168":2,"169":2,"170":2,"171":1,"172":2,"173":1,"174":1,"175":2,"176":13,"177":9,"178":4,"179":2,"180":2,"181":2,"182":0,"183":2,"184":1,"185":1,"186":2,"187":2,"188":2,"189":1,"190":2,"191":1,"192":1,"193":2,"194":1},"f":{"0":40,"1":21,"2":1,"3":1,"4":1,"5":1,"6":1,"7":11,"8":3,"9":1,"10":1,"11":1,"12":1,"13":0,"14":1,"15":5,"16":2,"17":1,"18":0,"19":0,"20":0,"21":1,"22":1,"23":1,"24":1,"25":0,"26":0,"27":11,"28":0,"29":0,"30":0,"31":0,"32":0,"33":0,"34":0,"35":0,"36":2,"37":2,"38":1,"39":13,"40":2,"41":2,"42":2,"43":1},"b":{"0":[5,35],"1":[1,34],"2":[5,29],"3":[1,28],"4":[7,21],"5":[2,19],"6":[7,12],"7":[1,11],"8":[8,3],"9":[1,2],"10":[1,1],"11":[9,12],"12":[1,11],"13":[9,2],"14":[1,1],"15":[0,1],"16":[0,1],"17":[0,1],"18":[1],"19":[1],"20":[1],"21":[0,1],"22":[0,1],"23":[0,1],"24":[0,1],"25":[0,1],"26":[0,1],"27":[0,1],"28":[0,1],"29":[0,1],"30":[0,1],"31":[0,1],"32":[0,1],"33":[9,2],"34":[1,1],"35":[1,2],"36":[1,1],"37":[0,1],"38":[1,4],"39":[1,3],"40":[0,3],"41":[0,3],"42":[1,2],"43":[1],"44":[1,1],"45":[0,0],"46":[0,0],"47":[0,0],"48":[0,0],"49":[0,0],"50":[0],"51":[0,0],"52":[0,0],"53":[9,2],"54":[1,1],"55":[0,0],"56":[0,0],"57":[0,0],"58":[0,0],"59":[0,0],"60":[1],"61":[1,1],"62":[9,4],"63":[2,2],"64":[0,2],"65":[1,1],"66":[1],"67":[1,1]},"_coverageSchema":"43e27e138ebf9cfc5966b082cf9a028302ed4184","hash":"2b54a52eeac309187cb9f391687eb93691bbae3d","contentHash":"6013fc8fff7c12eca7f4fabac4f7a370cbd4adc707dfe68d8aab3e37931d9f38"},"C:\\Users\\Supernova\\bootcamp\\collab\\skylab-bootcamp-201901\\staff\\daniel-toledo\\spotify-app-mren\\api\\src\\spotify-api\\index.spec.js":{"path":"C:\\Users\\Supernova\\bootcamp\\collab\\skylab-bootcamp-201901\\staff\\daniel-toledo\\spotify-app-mren\\api\\src\\spotify-api\\index.spec.js","statementMap":{"0":{"start":{"line":3,"column":0},"end":{"line":3,"column":26}},"1":{"start":{"line":4,"column":0},"end":{"line":4,"column":27}},"2":{"start":{"line":6,"column":15},"end":{"line":6,"column":32}},"3":{"start":{"line":8,"column":19},"end":{"line":8,"column":31}},"4":{"start":{"line":10,"column":39},"end":{"line":10,"column":46}},"5":{"start":{"line":12,"column":0},"end":{"line":12,"column":36}},"6":{"start":{"line":14,"column":0},"end":{"line":132,"column":2}},"7":{"start":{"line":15,"column":4},"end":{"line":34,"column":6}},"8":{"start":{"line":16,"column":8},"end":{"line":27,"column":10}},"9":{"start":{"line":17,"column":26},"end":{"line":17,"column":35}},"10":{"start":{"line":19,"column":12},"end":{"line":26,"column":18}},"11":{"start":{"line":21,"column":20},"end":{"line":21,"column":49}},"12":{"start":{"line":22,"column":20},"end":{"line":22,"column":65}},"13":{"start":{"line":23,"column":20},"end":{"line":23,"column":61}},"14":{"start":{"line":25,"column":20},"end":{"line":25,"column":94}},"15":{"start":{"line":25,"column":50},"end":{"line":25,"column":93}},"16":{"start":{"line":29,"column":8},"end":{"line":33,"column":10}},"17":{"start":{"line":30,"column":26},"end":{"line":30,"column":28}},"18":{"start":{"line":32,"column":12},"end":{"line":32,"column":88}},"19":{"start":{"line":32,"column":25},"end":{"line":32,"column":56}},"20":{"start":{"line":36,"column":4},"end":{"line":52,"column":6}},"21":{"start":{"line":37,"column":8},"end":{"line":45,"column":10}},"22":{"start":{"line":38,"column":29},"end":{"line":38,"column":53}},"23":{"start":{"line":40,"column":12},"end":{"line":44,"column":18}},"24":{"start":{"line":42,"column":20},"end":{"line":42,"column":45}},"25":{"start":{"line":43,"column":20},"end":{"line":43,"column":48}},"26":{"start":{"line":47,"column":8},"end":{"line":51,"column":10}},"27":{"start":{"line":48,"column":29},"end":{"line":48,"column":31}},"28":{"start":{"line":50,"column":12},"end":{"line":50,"column":95}},"29":{"start":{"line":50,"column":25},"end":{"line":50,"column":60}},"30":{"start":{"line":54,"column":4},"end":{"line":71,"column":6}},"31":{"start":{"line":55,"column":8},"end":{"line":64,"column":10}},"32":{"start":{"line":56,"column":29},"end":{"line":56,"column":53}},"33":{"start":{"line":58,"column":12},"end":{"line":63,"column":18}},"34":{"start":{"line":60,"column":20},"end":{"line":60,"column":48}},"35":{"start":{"line":61,"column":20},"end":{"line":61,"column":64}},"36":{"start":{"line":62,"column":20},"end":{"line":62,"column":60}},"37":{"start":{"line":66,"column":8},"end":{"line":70,"column":10}},"38":{"start":{"line":67,"column":29},"end":{"line":67,"column":31}},"39":{"start":{"line":69,"column":12},"end":{"line":69,"column":95}},"40":{"start":{"line":69,"column":25},"end":{"line":69,"column":60}},"41":{"start":{"line":73,"column":4},"end":{"line":89,"column":6}},"42":{"start":{"line":74,"column":8},"end":{"line":82,"column":10}},"43":{"start":{"line":75,"column":28},"end":{"line":75,"column":52}},"44":{"start":{"line":77,"column":12},"end":{"line":81,"column":18}},"45":{"start":{"line":79,"column":20},"end":{"line":79,"column":44}},"46":{"start":{"line":80,"column":20},"end":{"line":80,"column":64}},"47":{"start":{"line":84,"column":8},"end":{"line":88,"column":10}},"48":{"start":{"line":85,"column":28},"end":{"line":85,"column":30}},"49":{"start":{"line":87,"column":12},"end":{"line":87,"column":92}},"50":{"start":{"line":87,"column":25},"end":{"line":87,"column":58}},"51":{"start":{"line":91,"column":4},"end":{"line":108,"column":6}},"52":{"start":{"line":92,"column":8},"end":{"line":101,"column":10}},"53":{"start":{"line":93,"column":28},"end":{"line":93,"column":52}},"54":{"start":{"line":95,"column":12},"end":{"line":100,"column":18}},"55":{"start":{"line":97,"column":20},"end":{"line":97,"column":48}},"56":{"start":{"line":98,"column":20},"end":{"line":98,"column":64}},"57":{"start":{"line":99,"column":20},"end":{"line":99,"column":60}},"58":{"start":{"line":103,"column":8},"end":{"line":107,"column":10}},"59":{"start":{"line":104,"column":28},"end":{"line":104,"column":30}},"60":{"start":{"line":106,"column":12},"end":{"line":106,"column":93}},"61":{"start":{"line":106,"column":25},"end":{"line":106,"column":59}},"62":{"start":{"line":110,"column":4},"end":{"line":131,"column":6}},"63":{"start":{"line":111,"column":8},"end":{"line":124,"column":10}},"64":{"start":{"line":112,"column":28},"end":{"line":112,"column":52}},"65":{"start":{"line":113,"column":30},"end":{"line":113,"column":61}},"66":{"start":{"line":115,"column":12},"end":{"line":123,"column":18}},"67":{"start":{"line":117,"column":20},"end":{"line":117,"column":47}},"68":{"start":{"line":119,"column":41},"end":{"line":119,"column":46}},"69":{"start":{"line":121,"column":20},"end":{"line":121,"column":44}},"70":{"start":{"line":122,"column":20},"end":{"line":122,"column":48}},"71":{"start":{"line":126,"column":8},"end":{"line":130,"column":10}},"72":{"start":{"line":127,"column":28},"end":{"line":127,"column":30}},"73":{"start":{"line":129,"column":12},"end":{"line":129,"column":92}},"74":{"start":{"line":129,"column":25},"end":{"line":129,"column":58}}},"fnMap":{"0":{"name":"(anonymous_0)","decl":{"start":{"line":14,"column":33},"end":{"line":14,"column":34}},"loc":{"start":{"line":14,"column":39},"end":{"line":132,"column":1}},"line":14},"1":{"name":"(anonymous_1)","decl":{"start":{"line":15,"column":31},"end":{"line":15,"column":32}},"loc":{"start":{"line":15,"column":37},"end":{"line":34,"column":5}},"line":15},"2":{"name":"(anonymous_2)","decl":{"start":{"line":16,"column":46},"end":{"line":16,"column":47}},"loc":{"start":{"line":16,"column":52},"end":{"line":27,"column":9}},"line":16},"3":{"name":"(anonymous_3)","decl":{"start":{"line":20,"column":22},"end":{"line":20,"column":23}},"loc":{"start":{"line":20,"column":33},"end":{"line":26,"column":17}},"line":20},"4":{"name":"(anonymous_4)","decl":{"start":{"line":25,"column":36},"end":{"line":25,"column":37}},"loc":{"start":{"line":25,"column":50},"end":{"line":25,"column":93}},"line":25},"5":{"name":"(anonymous_5)","decl":{"start":{"line":29,"column":41},"end":{"line":29,"column":42}},"loc":{"start":{"line":29,"column":47},"end":{"line":33,"column":9}},"line":29},"6":{"name":"(anonymous_6)","decl":{"start":{"line":32,"column":19},"end":{"line":32,"column":20}},"loc":{"start":{"line":32,"column":25},"end":{"line":32,"column":56}},"line":32},"7":{"name":"(anonymous_7)","decl":{"start":{"line":36,"column":32},"end":{"line":36,"column":33}},"loc":{"start":{"line":36,"column":38},"end":{"line":52,"column":5}},"line":36},"8":{"name":"(anonymous_8)","decl":{"start":{"line":37,"column":46},"end":{"line":37,"column":47}},"loc":{"start":{"line":37,"column":52},"end":{"line":45,"column":9}},"line":37},"9":{"name":"(anonymous_9)","decl":{"start":{"line":41,"column":22},"end":{"line":41,"column":23}},"loc":{"start":{"line":41,"column":38},"end":{"line":44,"column":17}},"line":41},"10":{"name":"(anonymous_10)","decl":{"start":{"line":47,"column":44},"end":{"line":47,"column":45}},"loc":{"start":{"line":47,"column":56},"end":{"line":51,"column":9}},"line":47},"11":{"name":"(anonymous_11)","decl":{"start":{"line":50,"column":19},"end":{"line":50,"column":20}},"loc":{"start":{"line":50,"column":25},"end":{"line":50,"column":60}},"line":50},"12":{"name":"(anonymous_12)","decl":{"start":{"line":54,"column":32},"end":{"line":54,"column":33}},"loc":{"start":{"line":54,"column":38},"end":{"line":71,"column":5}},"line":54},"13":{"name":"(anonymous_13)","decl":{"start":{"line":55,"column":46},"end":{"line":55,"column":47}},"loc":{"start":{"line":55,"column":52},"end":{"line":64,"column":9}},"line":55},"14":{"name":"(anonymous_14)","decl":{"start":{"line":59,"column":22},"end":{"line":59,"column":23}},"loc":{"start":{"line":59,"column":32},"end":{"line":63,"column":17}},"line":59},"15":{"name":"(anonymous_15)","decl":{"start":{"line":66,"column":44},"end":{"line":66,"column":45}},"loc":{"start":{"line":66,"column":56},"end":{"line":70,"column":9}},"line":66},"16":{"name":"(anonymous_16)","decl":{"start":{"line":69,"column":19},"end":{"line":69,"column":20}},"loc":{"start":{"line":69,"column":25},"end":{"line":69,"column":60}},"line":69},"17":{"name":"(anonymous_17)","decl":{"start":{"line":73,"column":31},"end":{"line":73,"column":32}},"loc":{"start":{"line":73,"column":37},"end":{"line":89,"column":5}},"line":73},"18":{"name":"(anonymous_18)","decl":{"start":{"line":74,"column":46},"end":{"line":74,"column":47}},"loc":{"start":{"line":74,"column":52},"end":{"line":82,"column":9}},"line":74},"19":{"name":"(anonymous_19)","decl":{"start":{"line":78,"column":22},"end":{"line":78,"column":23}},"loc":{"start":{"line":78,"column":38},"end":{"line":81,"column":17}},"line":78},"20":{"name":"(anonymous_20)","decl":{"start":{"line":84,"column":43},"end":{"line":84,"column":44}},"loc":{"start":{"line":84,"column":55},"end":{"line":88,"column":9}},"line":84},"21":{"name":"(anonymous_21)","decl":{"start":{"line":87,"column":19},"end":{"line":87,"column":20}},"loc":{"start":{"line":87,"column":25},"end":{"line":87,"column":58}},"line":87},"22":{"name":"(anonymous_22)","decl":{"start":{"line":91,"column":32},"end":{"line":91,"column":33}},"loc":{"start":{"line":91,"column":38},"end":{"line":108,"column":5}},"line":91},"23":{"name":"(anonymous_23)","decl":{"start":{"line":92,"column":46},"end":{"line":92,"column":47}},"loc":{"start":{"line":92,"column":52},"end":{"line":101,"column":9}},"line":92},"24":{"name":"(anonymous_24)","decl":{"start":{"line":96,"column":22},"end":{"line":96,"column":23}},"loc":{"start":{"line":96,"column":32},"end":{"line":100,"column":17}},"line":96},"25":{"name":"(anonymous_25)","decl":{"start":{"line":103,"column":43},"end":{"line":103,"column":44}},"loc":{"start":{"line":103,"column":55},"end":{"line":107,"column":9}},"line":103},"26":{"name":"(anonymous_26)","decl":{"start":{"line":106,"column":19},"end":{"line":106,"column":20}},"loc":{"start":{"line":106,"column":25},"end":{"line":106,"column":59}},"line":106},"27":{"name":"(anonymous_27)","decl":{"start":{"line":110,"column":31},"end":{"line":110,"column":32}},"loc":{"start":{"line":110,"column":37},"end":{"line":131,"column":5}},"line":110},"28":{"name":"(anonymous_28)","decl":{"start":{"line":111,"column":46},"end":{"line":111,"column":47}},"loc":{"start":{"line":111,"column":52},"end":{"line":124,"column":9}},"line":111},"29":{"name":"(anonymous_29)","decl":{"start":{"line":116,"column":22},"end":{"line":116,"column":23}},"loc":{"start":{"line":116,"column":31},"end":{"line":123,"column":17}},"line":116},"30":{"name":"(anonymous_30)","decl":{"start":{"line":126,"column":43},"end":{"line":126,"column":44}},"loc":{"start":{"line":126,"column":55},"end":{"line":130,"column":9}},"line":126},"31":{"name":"(anonymous_31)","decl":{"start":{"line":129,"column":19},"end":{"line":129,"column":20}},"loc":{"start":{"line":129,"column":25},"end":{"line":129,"column":58}},"line":129}},"branchMap":{"0":{"loc":{"start":{"line":14,"column":0},"end":{"line":132,"column":2}},"type":"binary-expr","locations":[{"start":{"line":14,"column":0},"end":{"line":14,"column":5}},{"start":{"line":14,"column":9},"end":{"line":132,"column":2}}],"line":14}},"s":{"0":1,"1":1,"2":1,"3":1,"4":1,"5":1,"6":1,"7":0,"8":0,"9":0,"10":0,"11":0,"12":0,"13":0,"14":0,"15":0,"16":0,"17":0,"18":0,"19":0,"20":0,"21":0,"22":0,"23":0,"24":0,"25":0,"26":0,"27":0,"28":0,"29":0,"30":0,"31":0,"32":0,"33":0,"34":0,"35":0,"36":0,"37":0,"38":0,"39":0,"40":0,"41":0,"42":0,"43":0,"44":0,"45":0,"46":0,"47":0,"48":0,"49":0,"50":0,"51":0,"52":0,"53":0,"54":0,"55":0,"56":0,"57":0,"58":0,"59":0,"60":0,"61":0,"62":0,"63":0,"64":0,"65":0,"66":0,"67":0,"68":0,"69":0,"70":0,"71":0,"72":0,"73":0,"74":0},"f":{"0":0,"1":0,"2":0,"3":0,"4":0,"5":0,"6":0,"7":0,"8":0,"9":0,"10":0,"11":0,"12":0,"13":0,"14":0,"15":0,"16":0,"17":0,"18":0,"19":0,"20":0,"21":0,"22":0,"23":0,"24":0,"25":0,"26":0,"27":0,"28":0,"29":0,"30":0,"31":0},"b":{"0":[1,0]},"_coverageSchema":"43e27e138ebf9cfc5966b082cf9a028302ed4184","hash":"e915fdc0895e407bfd451d344fcfe636900ea8e5","contentHash":"d04a51966afbc00d1338924575cbd75b9351a6bf8f9a59f472ff597707f81d40"}}